<?xml version="1.0" encoding="UTF-8"?>
<robot generator="Robot 4.1.3 (Python 3.9.0 on win32)" generated="20220302 12:07:34.175" rpa="false" schemaversion="2">
<suite id="s1" name="Tests" source="C:\RobotXpert\bodytest\tests">
<suite id="s1-s1" name="Login" source="C:\RobotXpert\bodytest\tests\login">
<suite id="s1-s1-s1" name="Login" source="C:\RobotXpert\bodytest\tests\login\login.robot">
<kw name="Start Browser Session" library="base" type="SETUP">
<kw name="New Browser" library="Browser">
<arg>chromium</arg>
<arg>false</arg>
<tag>BrowserControl</tag>
<tag>Setter</tag>
<doc>Create a new playwright Browser with specified options.</doc>
<msg timestamp="20220302 12:07:35.577" level="INFO">{"browser": "chromium", "headless": false, "handleSIGINT": true, "handleSIGTERM": true, "handleSIGHUP": true, "timeout": 30000.0, "devtools": false, "slowMo": 0.0, "tracesDir": "C:\\RobotXpert\\bodytest\\logs\\browser\\traces\\19e24b1e-2d79-4928-8498-0b6daa9b4f44"}</msg>
<msg timestamp="20220302 12:07:36.698" level="INFO">Successfully created browser with options: {"browser":"chromium","headless":false,"handleSIGINT":true,"handleSIGTERM":true,"handleSIGHUP":true,"timeout":30000,"devtools":false,"slowMo":0,"tracesDir":"C:\\RobotXpert\\bodytest\\logs\\browser\\traces\\19e24b1e-2d79-4928-8498-0b6daa9b4f44"}</msg>
<status status="PASS" starttime="20220302 12:07:35.577" endtime="20220302 12:07:36.699"/>
</kw>
<kw name="New Page" library="Browser">
<arg>about:blank</arg>
<tag>BrowserControl</tag>
<tag>Setter</tag>
<doc>Open a new Page.</doc>
<msg timestamp="20220302 12:07:37.070" level="INFO">Successfully initialized new page object and opened url: about:blank</msg>
<msg timestamp="20220302 12:07:37.070" level="INFO">No context was open. New context was automatically opened when this page is created.</msg>
<status status="PASS" starttime="20220302 12:07:36.699" endtime="20220302 12:07:37.070"/>
</kw>
<status status="PASS" starttime="20220302 12:07:35.576" endtime="20220302 12:07:37.070"/>
</kw>
<test id="s1-s1-s1-t1" name="Cenario: Login do Administrador">
<kw name="Go To Login Page" library="auth">
<kw name="Go To" library="Browser">
<arg>https://bodytest-web-drakke.herokuapp.com</arg>
<tag>BrowserControl</tag>
<tag>Setter</tag>
<doc>Navigates to the given ``url``.</doc>
<msg timestamp="20220302 12:07:43.257" level="INFO">Successfully opened URL https://bodytest-web-drakke.herokuapp.com</msg>
<status status="PASS" starttime="20220302 12:07:37.079" endtime="20220302 12:07:43.257"/>
</kw>
<status status="PASS" starttime="20220302 12:07:37.079" endtime="20220302 12:07:43.257"/>
</kw>
<kw name="Login With" library="auth">
<arg>admin@bodytest.com</arg>
<arg>pwd123</arg>
<kw name="Fill Text" library="Browser">
<arg>css=input[name=email]</arg>
<arg>${email}</arg>
<tag>PageContent</tag>
<tag>Setter</tag>
<doc>Clears and fills the given ``txt`` into the text field found by ``selector``.</doc>
<msg timestamp="20220302 12:07:43.259" level="INFO">Fills the text 'admin@bodytest.com' in the given field.</msg>
<status status="PASS" starttime="20220302 12:07:43.259" endtime="20220302 12:07:43.316"/>
</kw>
<kw name="Fill Text" library="Browser">
<arg>css=input[placeholder*=senha]</arg>
<arg>${pass}</arg>
<tag>PageContent</tag>
<tag>Setter</tag>
<doc>Clears and fills the given ``txt`` into the text field found by ``selector``.</doc>
<msg timestamp="20220302 12:07:43.316" level="INFO">Fills the text 'pwd123' in the given field.</msg>
<status status="PASS" starttime="20220302 12:07:43.316" endtime="20220302 12:07:43.338"/>
</kw>
<kw name="Click" library="Browser">
<arg>text=Entrar</arg>
<tag>PageContent</tag>
<tag>Setter</tag>
<doc>Simulates mouse click on the element found by ``selector``.</doc>
<status status="PASS" starttime="20220302 12:07:43.338" endtime="20220302 12:07:43.418"/>
</kw>
<status status="PASS" starttime="20220302 12:07:43.258" endtime="20220302 12:07:43.418"/>
</kw>
<kw name="User Should Be Logged In" library="nav">
<arg>Administrador</arg>
<kw name="Get Text" library="Browser">
<arg>css=aside strong</arg>
<arg>should be</arg>
<arg>${user_name}</arg>
<tag>Assertion</tag>
<tag>Getter</tag>
<tag>PageContent</tag>
<doc>Returns text attribute of the element found by ``selector``.</doc>
<status status="PASS" starttime="20220302 12:07:43.419" endtime="20220302 12:07:44.202"/>
</kw>
<status status="PASS" starttime="20220302 12:07:43.419" endtime="20220302 12:07:44.202"/>
</kw>
<kw name="Clear LS And Take Screenshot" library="base" type="TEARDOWN">
<kw name="Take Screenshot" library="Browser">
<tag>PageContent</tag>
<doc>Takes a screenshot of the current window or element and saves it to disk.</doc>
<msg timestamp="20220302 12:07:44.336" level="INFO" html="true">&lt;/td&gt;&lt;/tr&gt;&lt;tr&gt;&lt;td colspan="3"&gt;&lt;a href="browser/screenshot/robotframework-browser-screenshot-1.png"&gt;&lt;img src="browser/screenshot/robotframework-browser-screenshot-1.png" width="800px"&gt;&lt;/a&gt;</msg>
<status status="PASS" starttime="20220302 12:07:44.203" endtime="20220302 12:07:44.336"/>
</kw>
<kw name="LocalStorage Clear" library="Browser">
<tag>PageContent</tag>
<tag>Setter</tag>
<doc>Remove all saved data from the local storage.</doc>
<msg timestamp="20220302 12:07:44.345" level="INFO"/>
<status status="PASS" starttime="20220302 12:07:44.336" endtime="20220302 12:07:44.345"/>
</kw>
<status status="PASS" starttime="20220302 12:07:44.203" endtime="20220302 12:07:44.345"/>
</kw>
<status status="PASS" starttime="20220302 12:07:37.070" endtime="20220302 12:07:44.346"/>
</test>
<test id="s1-s1-s1-t2" name="Cenario: Senha incorreta">
<kw name="Go To Login Page" library="auth">
<kw name="Go To" library="Browser">
<arg>https://bodytest-web-drakke.herokuapp.com</arg>
<tag>BrowserControl</tag>
<tag>Setter</tag>
<doc>Navigates to the given ``url``.</doc>
<msg timestamp="20220302 12:07:44.842" level="INFO">Successfully opened URL https://bodytest-web-drakke.herokuapp.com</msg>
<status status="PASS" starttime="20220302 12:07:44.359" endtime="20220302 12:07:44.842"/>
</kw>
<status status="PASS" starttime="20220302 12:07:44.358" endtime="20220302 12:07:44.843"/>
</kw>
<kw name="Login With" library="auth">
<arg>admin@bodytest.com</arg>
<arg>abc123</arg>
<kw name="Fill Text" library="Browser">
<arg>css=input[name=email]</arg>
<arg>${email}</arg>
<tag>PageContent</tag>
<tag>Setter</tag>
<doc>Clears and fills the given ``txt`` into the text field found by ``selector``.</doc>
<msg timestamp="20220302 12:07:44.845" level="INFO">Fills the text 'admin@bodytest.com' in the given field.</msg>
<status status="PASS" starttime="20220302 12:07:44.844" endtime="20220302 12:07:44.872"/>
</kw>
<kw name="Fill Text" library="Browser">
<arg>css=input[placeholder*=senha]</arg>
<arg>${pass}</arg>
<tag>PageContent</tag>
<tag>Setter</tag>
<doc>Clears and fills the given ``txt`` into the text field found by ``selector``.</doc>
<msg timestamp="20220302 12:07:44.872" level="INFO">Fills the text 'abc123' in the given field.</msg>
<status status="PASS" starttime="20220302 12:07:44.872" endtime="20220302 12:07:44.893"/>
</kw>
<kw name="Click" library="Browser">
<arg>text=Entrar</arg>
<tag>PageContent</tag>
<tag>Setter</tag>
<doc>Simulates mouse click on the element found by ``selector``.</doc>
<status status="PASS" starttime="20220302 12:07:44.894" endtime="20220302 12:07:44.957"/>
</kw>
<status status="PASS" starttime="20220302 12:07:44.844" endtime="20220302 12:07:44.958"/>
</kw>
<kw name="Toaster Text Should Be" library="components">
<arg>Usuário e/ou senha inválidos.</arg>
<kw name="Wait For Elements State" library="Browser">
<arg>css=.Toastify__toast-body &gt;&gt; text=${expect_text}</arg>
<arg>visible</arg>
<arg>5</arg>
<tag>PageContent</tag>
<tag>Wait</tag>
<doc>Waits for the element found by ``selector`` to satisfy state option.</doc>
<msg timestamp="20220302 12:07:45.156" level="INFO">Waited for Element with selector css=.Toastify__toast-body &gt;&gt; text=Usuário e/ou senha inválidos. at state visible</msg>
<status status="PASS" starttime="20220302 12:07:44.958" endtime="20220302 12:07:45.156"/>
</kw>
<status status="PASS" starttime="20220302 12:07:44.958" endtime="20220302 12:07:45.156"/>
</kw>
<kw name="Thinking And Take Screenshot" library="base" type="TEARDOWN">
<arg>2</arg>
<kw name="Sleep" library="BuiltIn">
<arg>${timeout}</arg>
<doc>Pauses the test executed for the given time.</doc>
<msg timestamp="20220302 12:07:47.166" level="INFO">Slept 2 seconds</msg>
<status status="PASS" starttime="20220302 12:07:45.158" endtime="20220302 12:07:47.166"/>
</kw>
<kw name="Take Screenshot" library="Browser">
<tag>PageContent</tag>
<doc>Takes a screenshot of the current window or element and saves it to disk.</doc>
<msg timestamp="20220302 12:07:47.352" level="INFO" html="true">&lt;/td&gt;&lt;/tr&gt;&lt;tr&gt;&lt;td colspan="3"&gt;&lt;a href="browser/screenshot/robotframework-browser-screenshot-2.png"&gt;&lt;img src="browser/screenshot/robotframework-browser-screenshot-2.png" width="800px"&gt;&lt;/a&gt;</msg>
<status status="PASS" starttime="20220302 12:07:47.166" endtime="20220302 12:07:47.353"/>
</kw>
<status status="PASS" starttime="20220302 12:07:45.157" endtime="20220302 12:07:47.353"/>
</kw>
<status status="PASS" starttime="20220302 12:07:44.353" endtime="20220302 12:07:47.353"/>
</test>
<test id="s1-s1-s1-t3" name="Cenario: Email incorreto">
<kw name="Go To Login Page" library="auth">
<kw name="Go To" library="Browser">
<arg>https://bodytest-web-drakke.herokuapp.com</arg>
<tag>BrowserControl</tag>
<tag>Setter</tag>
<doc>Navigates to the given ``url``.</doc>
<msg timestamp="20220302 12:07:47.845" level="INFO">Successfully opened URL https://bodytest-web-drakke.herokuapp.com</msg>
<status status="PASS" starttime="20220302 12:07:47.364" endtime="20220302 12:07:47.845"/>
</kw>
<status status="PASS" starttime="20220302 12:07:47.363" endtime="20220302 12:07:47.845"/>
</kw>
<kw name="Login With" library="auth">
<arg>admin&amp;bodytest.com</arg>
<arg>pwd123</arg>
<kw name="Fill Text" library="Browser">
<arg>css=input[name=email]</arg>
<arg>${email}</arg>
<tag>PageContent</tag>
<tag>Setter</tag>
<doc>Clears and fills the given ``txt`` into the text field found by ``selector``.</doc>
<msg timestamp="20220302 12:07:47.848" level="INFO">Fills the text 'admin&amp;bodytest.com' in the given field.</msg>
<status status="PASS" starttime="20220302 12:07:47.847" endtime="20220302 12:07:47.874"/>
</kw>
<kw name="Fill Text" library="Browser">
<arg>css=input[placeholder*=senha]</arg>
<arg>${pass}</arg>
<tag>PageContent</tag>
<tag>Setter</tag>
<doc>Clears and fills the given ``txt`` into the text field found by ``selector``.</doc>
<msg timestamp="20220302 12:07:47.875" level="INFO">Fills the text 'pwd123' in the given field.</msg>
<status status="PASS" starttime="20220302 12:07:47.874" endtime="20220302 12:07:47.893"/>
</kw>
<kw name="Click" library="Browser">
<arg>text=Entrar</arg>
<tag>PageContent</tag>
<tag>Setter</tag>
<doc>Simulates mouse click on the element found by ``selector``.</doc>
<status status="PASS" starttime="20220302 12:07:47.893" endtime="20220302 12:07:47.947"/>
</kw>
<status status="PASS" starttime="20220302 12:07:47.847" endtime="20220302 12:07:47.947"/>
</kw>
<kw name="Alert Text Should Be" library="components">
<arg>Informe um e-mail válido</arg>
<kw name="Wait For Elements State" library="Browser">
<arg>css=form span &gt;&gt; text=${expect_text}</arg>
<arg>visible</arg>
<arg>5</arg>
<tag>PageContent</tag>
<tag>Wait</tag>
<doc>Waits for the element found by ``selector`` to satisfy state option.</doc>
<msg timestamp="20220302 12:07:47.959" level="INFO">Waited for Element with selector css=form span &gt;&gt; text=Informe um e-mail válido at state visible</msg>
<status status="PASS" starttime="20220302 12:07:47.949" endtime="20220302 12:07:47.959"/>
</kw>
<status status="PASS" starttime="20220302 12:07:47.948" endtime="20220302 12:07:47.959"/>
</kw>
<kw name="Take Screenshot" library="Browser" type="TEARDOWN">
<tag>PageContent</tag>
<doc>Takes a screenshot of the current window or element and saves it to disk.</doc>
<msg timestamp="20220302 12:07:48.104" level="INFO" html="true">&lt;/td&gt;&lt;/tr&gt;&lt;tr&gt;&lt;td colspan="3"&gt;&lt;a href="browser/screenshot/robotframework-browser-screenshot-3.png"&gt;&lt;img src="browser/screenshot/robotframework-browser-screenshot-3.png" width="800px"&gt;&lt;/a&gt;</msg>
<status status="PASS" starttime="20220302 12:07:47.960" endtime="20220302 12:07:48.104"/>
</kw>
<status status="PASS" starttime="20220302 12:07:47.359" endtime="20220302 12:07:48.105"/>
</test>
<test id="s1-s1-s1-t4" name="Cenario: Email não cadastrado">
<kw name="Go To Login Page" library="auth">
<kw name="Go To" library="Browser">
<arg>https://bodytest-web-drakke.herokuapp.com</arg>
<tag>BrowserControl</tag>
<tag>Setter</tag>
<doc>Navigates to the given ``url``.</doc>
<msg timestamp="20220302 12:07:48.604" level="INFO">Successfully opened URL https://bodytest-web-drakke.herokuapp.com</msg>
<status status="PASS" starttime="20220302 12:07:48.116" endtime="20220302 12:07:48.604"/>
</kw>
<status status="PASS" starttime="20220302 12:07:48.115" endtime="20220302 12:07:48.605"/>
</kw>
<kw name="Login With" library="auth">
<arg>usuario@bodytest.com</arg>
<arg>abc123</arg>
<kw name="Fill Text" library="Browser">
<arg>css=input[name=email]</arg>
<arg>${email}</arg>
<tag>PageContent</tag>
<tag>Setter</tag>
<doc>Clears and fills the given ``txt`` into the text field found by ``selector``.</doc>
<msg timestamp="20220302 12:07:48.606" level="INFO">Fills the text 'usuario@bodytest.com' in the given field.</msg>
<status status="PASS" starttime="20220302 12:07:48.606" endtime="20220302 12:07:48.631"/>
</kw>
<kw name="Fill Text" library="Browser">
<arg>css=input[placeholder*=senha]</arg>
<arg>${pass}</arg>
<tag>PageContent</tag>
<tag>Setter</tag>
<doc>Clears and fills the given ``txt`` into the text field found by ``selector``.</doc>
<msg timestamp="20220302 12:07:48.632" level="INFO">Fills the text 'abc123' in the given field.</msg>
<status status="PASS" starttime="20220302 12:07:48.632" endtime="20220302 12:07:48.652"/>
</kw>
<kw name="Click" library="Browser">
<arg>text=Entrar</arg>
<tag>PageContent</tag>
<tag>Setter</tag>
<doc>Simulates mouse click on the element found by ``selector``.</doc>
<status status="PASS" starttime="20220302 12:07:48.652" endtime="20220302 12:07:48.699"/>
</kw>
<status status="PASS" starttime="20220302 12:07:48.605" endtime="20220302 12:07:48.699"/>
</kw>
<kw name="Toaster Text Should Be" library="components">
<arg>Usuário e/ou senha inválidos.</arg>
<kw name="Wait For Elements State" library="Browser">
<arg>css=.Toastify__toast-body &gt;&gt; text=${expect_text}</arg>
<arg>visible</arg>
<arg>5</arg>
<tag>PageContent</tag>
<tag>Wait</tag>
<doc>Waits for the element found by ``selector`` to satisfy state option.</doc>
<msg timestamp="20220302 12:07:48.987" level="INFO">Waited for Element with selector css=.Toastify__toast-body &gt;&gt; text=Usuário e/ou senha inválidos. at state visible</msg>
<status status="PASS" starttime="20220302 12:07:48.700" endtime="20220302 12:07:48.987"/>
</kw>
<status status="PASS" starttime="20220302 12:07:48.700" endtime="20220302 12:07:48.987"/>
</kw>
<kw name="Thinking And Take Screenshot" library="base" type="TEARDOWN">
<arg>2</arg>
<kw name="Sleep" library="BuiltIn">
<arg>${timeout}</arg>
<doc>Pauses the test executed for the given time.</doc>
<msg timestamp="20220302 12:07:50.994" level="INFO">Slept 2 seconds</msg>
<status status="PASS" starttime="20220302 12:07:48.989" endtime="20220302 12:07:50.994"/>
</kw>
<kw name="Take Screenshot" library="Browser">
<tag>PageContent</tag>
<doc>Takes a screenshot of the current window or element and saves it to disk.</doc>
<msg timestamp="20220302 12:07:51.138" level="INFO" html="true">&lt;/td&gt;&lt;/tr&gt;&lt;tr&gt;&lt;td colspan="3"&gt;&lt;a href="browser/screenshot/robotframework-browser-screenshot-4.png"&gt;&lt;img src="browser/screenshot/robotframework-browser-screenshot-4.png" width="800px"&gt;&lt;/a&gt;</msg>
<status status="PASS" starttime="20220302 12:07:50.994" endtime="20220302 12:07:51.138"/>
</kw>
<status status="PASS" starttime="20220302 12:07:48.988" endtime="20220302 12:07:51.138"/>
</kw>
<status status="PASS" starttime="20220302 12:07:48.111" endtime="20220302 12:07:51.139"/>
</test>
<test id="s1-s1-s1-t5" name="Cenario: Senha não informada">
<kw name="Go To Login Page" library="auth">
<kw name="Go To" library="Browser">
<arg>https://bodytest-web-drakke.herokuapp.com</arg>
<tag>BrowserControl</tag>
<tag>Setter</tag>
<doc>Navigates to the given ``url``.</doc>
<msg timestamp="20220302 12:07:51.628" level="INFO">Successfully opened URL https://bodytest-web-drakke.herokuapp.com</msg>
<status status="PASS" starttime="20220302 12:07:51.150" endtime="20220302 12:07:51.628"/>
</kw>
<status status="PASS" starttime="20220302 12:07:51.149" endtime="20220302 12:07:51.628"/>
</kw>
<kw name="Login With" library="auth">
<arg>admin@bodytest.com</arg>
<arg>${EMPTY}</arg>
<kw name="Fill Text" library="Browser">
<arg>css=input[name=email]</arg>
<arg>${email}</arg>
<tag>PageContent</tag>
<tag>Setter</tag>
<doc>Clears and fills the given ``txt`` into the text field found by ``selector``.</doc>
<msg timestamp="20220302 12:07:51.631" level="INFO">Fills the text 'admin@bodytest.com' in the given field.</msg>
<status status="PASS" starttime="20220302 12:07:51.631" endtime="20220302 12:07:51.656"/>
</kw>
<kw name="Fill Text" library="Browser">
<arg>css=input[placeholder*=senha]</arg>
<arg>${pass}</arg>
<tag>PageContent</tag>
<tag>Setter</tag>
<doc>Clears and fills the given ``txt`` into the text field found by ``selector``.</doc>
<msg timestamp="20220302 12:07:51.657" level="INFO">Fills the text '' in the given field.</msg>
<status status="PASS" starttime="20220302 12:07:51.657" endtime="20220302 12:07:51.676"/>
</kw>
<kw name="Click" library="Browser">
<arg>text=Entrar</arg>
<tag>PageContent</tag>
<tag>Setter</tag>
<doc>Simulates mouse click on the element found by ``selector``.</doc>
<status status="PASS" starttime="20220302 12:07:51.676" endtime="20220302 12:07:51.733"/>
</kw>
<status status="PASS" starttime="20220302 12:07:51.630" endtime="20220302 12:07:51.733"/>
</kw>
<kw name="Alert Text Should Be" library="components">
<arg>A senha é obrigatória</arg>
<kw name="Wait For Elements State" library="Browser">
<arg>css=form span &gt;&gt; text=${expect_text}</arg>
<arg>visible</arg>
<arg>5</arg>
<tag>PageContent</tag>
<tag>Wait</tag>
<doc>Waits for the element found by ``selector`` to satisfy state option.</doc>
<msg timestamp="20220302 12:07:51.760" level="INFO">Waited for Element with selector css=form span &gt;&gt; text=A senha é obrigatória at state visible</msg>
<status status="PASS" starttime="20220302 12:07:51.751" endtime="20220302 12:07:51.760"/>
</kw>
<status status="PASS" starttime="20220302 12:07:51.750" endtime="20220302 12:07:51.761"/>
</kw>
<kw name="Take Screenshot" library="Browser" type="TEARDOWN">
<tag>PageContent</tag>
<doc>Takes a screenshot of the current window or element and saves it to disk.</doc>
<msg timestamp="20220302 12:07:51.905" level="INFO" html="true">&lt;/td&gt;&lt;/tr&gt;&lt;tr&gt;&lt;td colspan="3"&gt;&lt;a href="browser/screenshot/robotframework-browser-screenshot-5.png"&gt;&lt;img src="browser/screenshot/robotframework-browser-screenshot-5.png" width="800px"&gt;&lt;/a&gt;</msg>
<status status="PASS" starttime="20220302 12:07:51.761" endtime="20220302 12:07:51.905"/>
</kw>
<status status="PASS" starttime="20220302 12:07:51.144" endtime="20220302 12:07:51.905"/>
</test>
<test id="s1-s1-s1-t6" name="Cenario: Email não informada">
<kw name="Go To Login Page" library="auth">
<kw name="Go To" library="Browser">
<arg>https://bodytest-web-drakke.herokuapp.com</arg>
<tag>BrowserControl</tag>
<tag>Setter</tag>
<doc>Navigates to the given ``url``.</doc>
<msg timestamp="20220302 12:07:52.402" level="INFO">Successfully opened URL https://bodytest-web-drakke.herokuapp.com</msg>
<status status="PASS" starttime="20220302 12:07:51.915" endtime="20220302 12:07:52.403"/>
</kw>
<status status="PASS" starttime="20220302 12:07:51.915" endtime="20220302 12:07:52.403"/>
</kw>
<kw name="Login With" library="auth">
<arg>${EMPTY}</arg>
<arg>pwd123</arg>
<kw name="Fill Text" library="Browser">
<arg>css=input[name=email]</arg>
<arg>${email}</arg>
<tag>PageContent</tag>
<tag>Setter</tag>
<doc>Clears and fills the given ``txt`` into the text field found by ``selector``.</doc>
<msg timestamp="20220302 12:07:52.405" level="INFO">Fills the text '' in the given field.</msg>
<status status="PASS" starttime="20220302 12:07:52.405" endtime="20220302 12:07:52.428"/>
</kw>
<kw name="Fill Text" library="Browser">
<arg>css=input[placeholder*=senha]</arg>
<arg>${pass}</arg>
<tag>PageContent</tag>
<tag>Setter</tag>
<doc>Clears and fills the given ``txt`` into the text field found by ``selector``.</doc>
<msg timestamp="20220302 12:07:52.429" level="INFO">Fills the text 'pwd123' in the given field.</msg>
<status status="PASS" starttime="20220302 12:07:52.428" endtime="20220302 12:07:52.446"/>
</kw>
<kw name="Click" library="Browser">
<arg>text=Entrar</arg>
<tag>PageContent</tag>
<tag>Setter</tag>
<doc>Simulates mouse click on the element found by ``selector``.</doc>
<status status="PASS" starttime="20220302 12:07:52.447" endtime="20220302 12:07:52.499"/>
</kw>
<status status="PASS" starttime="20220302 12:07:52.404" endtime="20220302 12:07:52.499"/>
</kw>
<kw name="Alert Text Should Be" library="components">
<arg>O e-mail é obrigatório</arg>
<kw name="Wait For Elements State" library="Browser">
<arg>css=form span &gt;&gt; text=${expect_text}</arg>
<arg>visible</arg>
<arg>5</arg>
<tag>PageContent</tag>
<tag>Wait</tag>
<doc>Waits for the element found by ``selector`` to satisfy state option.</doc>
<msg timestamp="20220302 12:07:52.509" level="INFO">Waited for Element with selector css=form span &gt;&gt; text=O e-mail é obrigatório at state visible</msg>
<status status="PASS" starttime="20220302 12:07:52.500" endtime="20220302 12:07:52.510"/>
</kw>
<status status="PASS" starttime="20220302 12:07:52.500" endtime="20220302 12:07:52.510"/>
</kw>
<kw name="Take Screenshot" library="Browser" type="TEARDOWN">
<tag>PageContent</tag>
<doc>Takes a screenshot of the current window or element and saves it to disk.</doc>
<msg timestamp="20220302 12:07:52.657" level="INFO" html="true">&lt;/td&gt;&lt;/tr&gt;&lt;tr&gt;&lt;td colspan="3"&gt;&lt;a href="browser/screenshot/robotframework-browser-screenshot-6.png"&gt;&lt;img src="browser/screenshot/robotframework-browser-screenshot-6.png" width="800px"&gt;&lt;/a&gt;</msg>
<status status="PASS" starttime="20220302 12:07:52.511" endtime="20220302 12:07:52.657"/>
</kw>
<status status="PASS" starttime="20220302 12:07:51.910" endtime="20220302 12:07:52.658"/>
</test>
<test id="s1-s1-s1-t7" name="Cenario: Email e senha não informada">
<kw name="Go To Login Page" library="auth">
<kw name="Go To" library="Browser">
<arg>https://bodytest-web-drakke.herokuapp.com</arg>
<tag>BrowserControl</tag>
<tag>Setter</tag>
<doc>Navigates to the given ``url``.</doc>
<msg timestamp="20220302 12:07:53.162" level="INFO">Successfully opened URL https://bodytest-web-drakke.herokuapp.com</msg>
<status status="PASS" starttime="20220302 12:07:52.670" endtime="20220302 12:07:53.162"/>
</kw>
<status status="PASS" starttime="20220302 12:07:52.670" endtime="20220302 12:07:53.162"/>
</kw>
<kw name="Login With" library="auth">
<arg>${EMPTY}</arg>
<arg>${EMPTY}</arg>
<kw name="Fill Text" library="Browser">
<arg>css=input[name=email]</arg>
<arg>${email}</arg>
<tag>PageContent</tag>
<tag>Setter</tag>
<doc>Clears and fills the given ``txt`` into the text field found by ``selector``.</doc>
<msg timestamp="20220302 12:07:53.166" level="INFO">Fills the text '' in the given field.</msg>
<status status="PASS" starttime="20220302 12:07:53.166" endtime="20220302 12:07:53.190"/>
</kw>
<kw name="Fill Text" library="Browser">
<arg>css=input[placeholder*=senha]</arg>
<arg>${pass}</arg>
<tag>PageContent</tag>
<tag>Setter</tag>
<doc>Clears and fills the given ``txt`` into the text field found by ``selector``.</doc>
<msg timestamp="20220302 12:07:53.191" level="INFO">Fills the text '' in the given field.</msg>
<status status="PASS" starttime="20220302 12:07:53.190" endtime="20220302 12:07:53.207"/>
</kw>
<kw name="Click" library="Browser">
<arg>text=Entrar</arg>
<tag>PageContent</tag>
<tag>Setter</tag>
<doc>Simulates mouse click on the element found by ``selector``.</doc>
<status status="PASS" starttime="20220302 12:07:53.207" endtime="20220302 12:07:53.265"/>
</kw>
<status status="PASS" starttime="20220302 12:07:53.164" endtime="20220302 12:07:53.266"/>
</kw>
<kw name="Alert Text Should Be" library="components">
<arg>O e-mail é obrigatório</arg>
<kw name="Wait For Elements State" library="Browser">
<arg>css=form span &gt;&gt; text=${expect_text}</arg>
<arg>visible</arg>
<arg>5</arg>
<tag>PageContent</tag>
<tag>Wait</tag>
<doc>Waits for the element found by ``selector`` to satisfy state option.</doc>
<msg timestamp="20220302 12:07:53.277" level="INFO">Waited for Element with selector css=form span &gt;&gt; text=O e-mail é obrigatório at state visible</msg>
<status status="PASS" starttime="20220302 12:07:53.267" endtime="20220302 12:07:53.277"/>
</kw>
<status status="PASS" starttime="20220302 12:07:53.266" endtime="20220302 12:07:53.277"/>
</kw>
<kw name="Alert Text Should Be" library="components">
<arg>A senha é obrigatória</arg>
<kw name="Wait For Elements State" library="Browser">
<arg>css=form span &gt;&gt; text=${expect_text}</arg>
<arg>visible</arg>
<arg>5</arg>
<tag>PageContent</tag>
<tag>Wait</tag>
<doc>Waits for the element found by ``selector`` to satisfy state option.</doc>
<msg timestamp="20220302 12:07:53.289" level="INFO">Waited for Element with selector css=form span &gt;&gt; text=A senha é obrigatória at state visible</msg>
<status status="PASS" starttime="20220302 12:07:53.278" endtime="20220302 12:07:53.289"/>
</kw>
<status status="PASS" starttime="20220302 12:07:53.278" endtime="20220302 12:07:53.289"/>
</kw>
<kw name="Take Screenshot" library="Browser" type="TEARDOWN">
<tag>PageContent</tag>
<doc>Takes a screenshot of the current window or element and saves it to disk.</doc>
<msg timestamp="20220302 12:07:53.455" level="INFO" html="true">&lt;/td&gt;&lt;/tr&gt;&lt;tr&gt;&lt;td colspan="3"&gt;&lt;a href="browser/screenshot/robotframework-browser-screenshot-7.png"&gt;&lt;img src="browser/screenshot/robotframework-browser-screenshot-7.png" width="800px"&gt;&lt;/a&gt;</msg>
<status status="PASS" starttime="20220302 12:07:53.290" endtime="20220302 12:07:53.455"/>
</kw>
<status status="PASS" starttime="20220302 12:07:52.663" endtime="20220302 12:07:53.456"/>
</test>
<doc>Suite de testes do login ao sistema</doc>
<status status="PASS" starttime="20220302 12:07:34.217" endtime="20220302 12:07:53.462"/>
</suite>
<status status="PASS" starttime="20220302 12:07:34.214" endtime="20220302 12:07:53.536"/>
</suite>
<suite id="s1-s2" name="Plans" source="C:\RobotXpert\bodytest\tests\plans">
<suite id="s1-s2-s1" name="Create" source="C:\RobotXpert\bodytest\tests\plans\create.robot">
<kw name="Start Admin Session" library="base" type="SETUP">
<kw name="Start Browser Session" library="base">
<kw name="New Browser" library="Browser">
<arg>chromium</arg>
<arg>false</arg>
<tag>BrowserControl</tag>
<tag>Setter</tag>
<doc>Create a new playwright Browser with specified options.</doc>
<msg timestamp="20220302 12:07:53.562" level="INFO">{"browser": "chromium", "headless": false, "handleSIGINT": true, "handleSIGTERM": true, "handleSIGHUP": true, "timeout": 30000.0, "devtools": false, "slowMo": 0.0, "tracesDir": "C:\\RobotXpert\\bodytest\\logs\\browser\\traces\\4210f638-fa43-45d6-9f2e-f417a1caa703"}</msg>
<msg timestamp="20220302 12:07:54.633" level="INFO">Successfully created browser with options: {"browser":"chromium","headless":false,"handleSIGINT":true,"handleSIGTERM":true,"handleSIGHUP":true,"timeout":30000,"devtools":false,"slowMo":0,"tracesDir":"C:\\RobotXpert\\bodytest\\logs\\browser\\traces\\4210f638-fa43-45d6-9f2e-f417a1caa703"}</msg>
<status status="PASS" starttime="20220302 12:07:53.561" endtime="20220302 12:07:54.633"/>
</kw>
<kw name="New Page" library="Browser">
<arg>about:blank</arg>
<tag>BrowserControl</tag>
<tag>Setter</tag>
<doc>Open a new Page.</doc>
<msg timestamp="20220302 12:07:54.913" level="INFO">Successfully initialized new page object and opened url: about:blank</msg>
<msg timestamp="20220302 12:07:54.914" level="INFO">No context was open. New context was automatically opened when this page is created.</msg>
<status status="PASS" starttime="20220302 12:07:54.633" endtime="20220302 12:07:54.914"/>
</kw>
<status status="PASS" starttime="20220302 12:07:53.561" endtime="20220302 12:07:54.914"/>
</kw>
<kw name="Go To Login Page" library="auth">
<kw name="Go To" library="Browser">
<arg>https://bodytest-web-drakke.herokuapp.com</arg>
<tag>BrowserControl</tag>
<tag>Setter</tag>
<doc>Navigates to the given ``url``.</doc>
<msg timestamp="20220302 12:07:56.899" level="INFO">Successfully opened URL https://bodytest-web-drakke.herokuapp.com</msg>
<status status="PASS" starttime="20220302 12:07:54.915" endtime="20220302 12:07:56.899"/>
</kw>
<status status="PASS" starttime="20220302 12:07:54.914" endtime="20220302 12:07:56.899"/>
</kw>
<kw name="Login With" library="auth">
<arg>admin@bodytest.com</arg>
<arg>pwd123</arg>
<kw name="Fill Text" library="Browser">
<arg>css=input[name=email]</arg>
<arg>${email}</arg>
<tag>PageContent</tag>
<tag>Setter</tag>
<doc>Clears and fills the given ``txt`` into the text field found by ``selector``.</doc>
<msg timestamp="20220302 12:07:56.900" level="INFO">Fills the text 'admin@bodytest.com' in the given field.</msg>
<status status="PASS" starttime="20220302 12:07:56.900" endtime="20220302 12:07:56.946"/>
</kw>
<kw name="Fill Text" library="Browser">
<arg>css=input[placeholder*=senha]</arg>
<arg>${pass}</arg>
<tag>PageContent</tag>
<tag>Setter</tag>
<doc>Clears and fills the given ``txt`` into the text field found by ``selector``.</doc>
<msg timestamp="20220302 12:07:56.947" level="INFO">Fills the text 'pwd123' in the given field.</msg>
<status status="PASS" starttime="20220302 12:07:56.946" endtime="20220302 12:07:56.966"/>
</kw>
<kw name="Click" library="Browser">
<arg>text=Entrar</arg>
<tag>PageContent</tag>
<tag>Setter</tag>
<doc>Simulates mouse click on the element found by ``selector``.</doc>
<status status="PASS" starttime="20220302 12:07:56.967" endtime="20220302 12:07:57.029"/>
</kw>
<status status="PASS" starttime="20220302 12:07:56.900" endtime="20220302 12:07:57.030"/>
</kw>
<kw name="User Should Be Logged In" library="nav">
<arg>Administrador</arg>
<kw name="Get Text" library="Browser">
<arg>css=aside strong</arg>
<arg>should be</arg>
<arg>${user_name}</arg>
<tag>Assertion</tag>
<tag>Getter</tag>
<tag>PageContent</tag>
<doc>Returns text attribute of the element found by ``selector``.</doc>
<status status="PASS" starttime="20220302 12:07:57.030" endtime="20220302 12:07:57.849"/>
</kw>
<status status="PASS" starttime="20220302 12:07:57.030" endtime="20220302 12:07:57.850"/>
</kw>
<status status="PASS" starttime="20220302 12:07:53.561" endtime="20220302 12:07:57.850"/>
</kw>
<test id="s1-s2-s1-t1" name="Cenario: Calcular preço total do plano">
<kw name="Create Dictionary" library="BuiltIn">
<var>&amp;{plan}</var>
<arg>title=Plano Black</arg>
<arg>duration=12</arg>
<arg>price=19,99</arg>
<arg>total=R$ 239,88</arg>
<doc>Creates and returns a dictionary based on the given ``items``.</doc>
<msg timestamp="20220302 12:07:57.855" level="INFO">&amp;{plan} = { title=Plano Black | duration=12 | price=19,99 | total=R$ 239,88 }</msg>
<status status="PASS" starttime="20220302 12:07:57.854" endtime="20220302 12:07:57.855"/>
</kw>
<kw name="Go To Plans" library="nav">
<kw name="Click" library="Browser">
<arg>css=a[href$="planos"]</arg>
<tag>PageContent</tag>
<tag>Setter</tag>
<doc>Simulates mouse click on the element found by ``selector``.</doc>
<status status="PASS" starttime="20220302 12:07:57.856" endtime="20220302 12:07:57.943"/>
</kw>
<kw name="Wait For Elements State" library="Browser">
<arg>h1 &gt;&gt; text=Gestão de Planos</arg>
<arg>visible</arg>
<arg>5</arg>
<tag>PageContent</tag>
<tag>Wait</tag>
<doc>Waits for the element found by ``selector`` to satisfy state option.</doc>
<msg timestamp="20220302 12:07:57.954" level="INFO">Waited for Element with selector h1 &gt;&gt; text=Gestão de Planos at state visible</msg>
<status status="PASS" starttime="20220302 12:07:57.943" endtime="20220302 12:07:57.954"/>
</kw>
<status status="PASS" starttime="20220302 12:07:57.855" endtime="20220302 12:07:57.954"/>
</kw>
<kw name="Go To Form Plans" library="plans">
<kw name="Set Strict Mode" library="Browser">
<arg>False</arg>
<tag>BrowserControl</tag>
<tag>Setter</tag>
<doc>Controls library strict mode.</doc>
<status status="PASS" starttime="20220302 12:07:57.955" endtime="20220302 12:07:57.955"/>
</kw>
<kw name="Click" library="Browser">
<arg>css=a[href$="planos/new"]</arg>
<tag>PageContent</tag>
<tag>Setter</tag>
<doc>Simulates mouse click on the element found by ``selector``.</doc>
<status status="PASS" starttime="20220302 12:07:57.955" endtime="20220302 12:07:58.078"/>
</kw>
<kw name="Wait For Elements State" library="Browser">
<arg>h1 &gt;&gt; text=Novo plano</arg>
<arg>visible</arg>
<arg>5</arg>
<tag>PageContent</tag>
<tag>Wait</tag>
<doc>Waits for the element found by ``selector`` to satisfy state option.</doc>
<msg timestamp="20220302 12:07:58.087" level="INFO">Waited for Element with selector h1 &gt;&gt; text=Novo plano at state visible</msg>
<status status="PASS" starttime="20220302 12:07:58.078" endtime="20220302 12:07:58.088"/>
</kw>
<status status="PASS" starttime="20220302 12:07:57.955" endtime="20220302 12:07:58.088"/>
</kw>
<kw name="Fill Plan Form" library="plans">
<arg>${plan}</arg>
<kw name="Fill Text" library="Browser">
<arg>${TITLE_FIELD}</arg>
<arg>${plan.title}</arg>
<tag>PageContent</tag>
<tag>Setter</tag>
<doc>Clears and fills the given ``txt`` into the text field found by ``selector``.</doc>
<msg timestamp="20220302 12:07:58.090" level="INFO">Fills the text 'Plano Black' in the given field.</msg>
<status status="PASS" starttime="20220302 12:07:58.089" endtime="20220302 12:07:58.120"/>
</kw>
<kw name="Fill Text" library="Browser">
<arg>${DURATION_FIELD}</arg>
<arg>${plan.duration}</arg>
<tag>PageContent</tag>
<tag>Setter</tag>
<doc>Clears and fills the given ``txt`` into the text field found by ``selector``.</doc>
<msg timestamp="20220302 12:07:58.122" level="INFO">Fills the text '12' in the given field.</msg>
<status status="PASS" starttime="20220302 12:07:58.121" endtime="20220302 12:07:58.146"/>
</kw>
<kw name="Fill Text" library="Browser">
<arg>${PRICE_FIELD}</arg>
<arg>${plan.price}</arg>
<tag>PageContent</tag>
<tag>Setter</tag>
<doc>Clears and fills the given ``txt`` into the text field found by ``selector``.</doc>
<msg timestamp="20220302 12:07:58.147" level="INFO">Fills the text '19,99' in the given field.</msg>
<status status="PASS" starttime="20220302 12:07:58.146" endtime="20220302 12:07:58.169"/>
</kw>
<status status="PASS" starttime="20220302 12:07:58.088" endtime="20220302 12:07:58.169"/>
</kw>
<kw name="Total Plan Should Be" library="plans">
<arg>${plan.total}</arg>
<kw name="Get Attribute" library="Browser">
<arg>${TOTAL_FIELD}</arg>
<arg>value</arg>
<arg>==</arg>
<arg>${total}</arg>
<tag>Assertion</tag>
<tag>Getter</tag>
<tag>PageContent</tag>
<doc>Returns the HTML ``attribute`` of the element found by ``selector``.</doc>
<status status="PASS" starttime="20220302 12:07:58.171" endtime="20220302 12:07:58.188"/>
</kw>
<status status="PASS" starttime="20220302 12:07:58.170" endtime="20220302 12:07:58.188"/>
</kw>
<kw name="Take Screenshot" library="Browser" type="TEARDOWN">
<tag>PageContent</tag>
<doc>Takes a screenshot of the current window or element and saves it to disk.</doc>
<msg timestamp="20220302 12:07:58.366" level="INFO" html="true">&lt;/td&gt;&lt;/tr&gt;&lt;tr&gt;&lt;td colspan="3"&gt;&lt;a href="browser/screenshot/robotframework-browser-screenshot-8.png"&gt;&lt;img src="browser/screenshot/robotframework-browser-screenshot-8.png" width="800px"&gt;&lt;/a&gt;</msg>
<status status="PASS" starttime="20220302 12:07:58.189" endtime="20220302 12:07:58.366"/>
</kw>
<status status="PASS" starttime="20220302 12:07:57.850" endtime="20220302 12:07:58.367"/>
</test>
<test id="s1-s2-s1-t2" name="Cenario: Novo Plano">
<kw name="Create Dictionary" library="BuiltIn">
<var>&amp;{plan}</var>
<arg>title=Plano Black</arg>
<arg>duration=12</arg>
<arg>price=19,99</arg>
<arg>total=R$ 239,88</arg>
<doc>Creates and returns a dictionary based on the given ``items``.</doc>
<msg timestamp="20220302 12:07:58.378" level="INFO">&amp;{plan} = { title=Plano Black | duration=12 | price=19,99 | total=R$ 239,88 }</msg>
<status status="PASS" starttime="20220302 12:07:58.377" endtime="20220302 12:07:58.378"/>
</kw>
<kw name="Remove Plan" library="DeloreanLibrary">
<arg>${plan.title}</arg>
<msg timestamp="20220302 12:07:58.379" level="INFO">delete from plans where title LIKE '%Plano Black%'</msg>
<status status="PASS" starttime="20220302 12:07:58.378" endtime="20220302 12:07:59.582"/>
</kw>
<kw name="Go To Plans" library="nav">
<kw name="Click" library="Browser">
<arg>css=a[href$="planos"]</arg>
<tag>PageContent</tag>
<tag>Setter</tag>
<doc>Simulates mouse click on the element found by ``selector``.</doc>
<status status="PASS" starttime="20220302 12:07:59.584" endtime="20220302 12:07:59.643"/>
</kw>
<kw name="Wait For Elements State" library="Browser">
<arg>h1 &gt;&gt; text=Gestão de Planos</arg>
<arg>visible</arg>
<arg>5</arg>
<tag>PageContent</tag>
<tag>Wait</tag>
<doc>Waits for the element found by ``selector`` to satisfy state option.</doc>
<msg timestamp="20220302 12:07:59.652" level="INFO">Waited for Element with selector h1 &gt;&gt; text=Gestão de Planos at state visible</msg>
<status status="PASS" starttime="20220302 12:07:59.643" endtime="20220302 12:07:59.652"/>
</kw>
<status status="PASS" starttime="20220302 12:07:59.583" endtime="20220302 12:07:59.652"/>
</kw>
<kw name="Go To Form Plans" library="plans">
<kw name="Set Strict Mode" library="Browser">
<arg>False</arg>
<tag>BrowserControl</tag>
<tag>Setter</tag>
<doc>Controls library strict mode.</doc>
<status status="PASS" starttime="20220302 12:07:59.653" endtime="20220302 12:07:59.654"/>
</kw>
<kw name="Click" library="Browser">
<arg>css=a[href$="planos/new"]</arg>
<tag>PageContent</tag>
<tag>Setter</tag>
<doc>Simulates mouse click on the element found by ``selector``.</doc>
<status status="PASS" starttime="20220302 12:07:59.654" endtime="20220302 12:07:59.710"/>
</kw>
<kw name="Wait For Elements State" library="Browser">
<arg>h1 &gt;&gt; text=Novo plano</arg>
<arg>visible</arg>
<arg>5</arg>
<tag>PageContent</tag>
<tag>Wait</tag>
<doc>Waits for the element found by ``selector`` to satisfy state option.</doc>
<msg timestamp="20220302 12:07:59.719" level="INFO">Waited for Element with selector h1 &gt;&gt; text=Novo plano at state visible</msg>
<status status="PASS" starttime="20220302 12:07:59.710" endtime="20220302 12:07:59.719"/>
</kw>
<status status="PASS" starttime="20220302 12:07:59.653" endtime="20220302 12:07:59.719"/>
</kw>
<kw name="New Plan" library="plans">
<arg>${plan}</arg>
<kw name="Fill Text" library="Browser">
<arg>${TITLE_FIELD}</arg>
<arg>${plan.title}</arg>
<tag>PageContent</tag>
<tag>Setter</tag>
<doc>Clears and fills the given ``txt`` into the text field found by ``selector``.</doc>
<msg timestamp="20220302 12:07:59.721" level="INFO">Fills the text 'Plano Black' in the given field.</msg>
<status status="PASS" starttime="20220302 12:07:59.720" endtime="20220302 12:07:59.744"/>
</kw>
<kw name="Fill Text" library="Browser">
<arg>${DURATION_FIELD}</arg>
<arg>${plan.duration}</arg>
<tag>PageContent</tag>
<tag>Setter</tag>
<doc>Clears and fills the given ``txt`` into the text field found by ``selector``.</doc>
<msg timestamp="20220302 12:07:59.745" level="INFO">Fills the text '12' in the given field.</msg>
<status status="PASS" starttime="20220302 12:07:59.744" endtime="20220302 12:07:59.764"/>
</kw>
<kw name="Fill Text" library="Browser">
<arg>${PRICE_FIELD}</arg>
<arg>${plan.price}</arg>
<tag>PageContent</tag>
<tag>Setter</tag>
<doc>Clears and fills the given ``txt`` into the text field found by ``selector``.</doc>
<msg timestamp="20220302 12:07:59.765" level="INFO">Fills the text '19,99' in the given field.</msg>
<status status="PASS" starttime="20220302 12:07:59.764" endtime="20220302 12:07:59.796"/>
</kw>
<kw name="Submit Form" library="nav">
<kw name="Click" library="Browser">
<arg>xpath=//button[contains(text(), "Salvar")]</arg>
<tag>PageContent</tag>
<tag>Setter</tag>
<doc>Simulates mouse click on the element found by ``selector``.</doc>
<status status="PASS" starttime="20220302 12:07:59.797" endtime="20220302 12:07:59.848"/>
</kw>
<status status="PASS" starttime="20220302 12:07:59.796" endtime="20220302 12:07:59.848"/>
</kw>
<status status="PASS" starttime="20220302 12:07:59.720" endtime="20220302 12:07:59.849"/>
</kw>
<kw name="Toaster Text Should Be" library="components">
<arg>Plano cadastrado com sucesso</arg>
<kw name="Wait For Elements State" library="Browser">
<arg>css=.Toastify__toast-body &gt;&gt; text=${expect_text}</arg>
<arg>visible</arg>
<arg>5</arg>
<tag>PageContent</tag>
<tag>Wait</tag>
<doc>Waits for the element found by ``selector`` to satisfy state option.</doc>
<msg timestamp="20220302 12:08:00.178" level="INFO">Waited for Element with selector css=.Toastify__toast-body &gt;&gt; text=Plano cadastrado com sucesso at state visible</msg>
<status status="PASS" starttime="20220302 12:07:59.850" endtime="20220302 12:08:00.178"/>
</kw>
<status status="PASS" starttime="20220302 12:07:59.849" endtime="20220302 12:08:00.178"/>
</kw>
<kw name="Thinking And Take Screenshot" library="base" type="TEARDOWN">
<arg>2</arg>
<kw name="Sleep" library="BuiltIn">
<arg>${timeout}</arg>
<doc>Pauses the test executed for the given time.</doc>
<msg timestamp="20220302 12:08:02.189" level="INFO">Slept 2 seconds</msg>
<status status="PASS" starttime="20220302 12:08:00.179" endtime="20220302 12:08:02.189"/>
</kw>
<kw name="Take Screenshot" library="Browser">
<tag>PageContent</tag>
<doc>Takes a screenshot of the current window or element and saves it to disk.</doc>
<msg timestamp="20220302 12:08:02.391" level="INFO" html="true">&lt;/td&gt;&lt;/tr&gt;&lt;tr&gt;&lt;td colspan="3"&gt;&lt;a href="browser/screenshot/robotframework-browser-screenshot-9.png"&gt;&lt;img src="browser/screenshot/robotframework-browser-screenshot-9.png" width="800px"&gt;&lt;/a&gt;</msg>
<status status="PASS" starttime="20220302 12:08:02.189" endtime="20220302 12:08:02.391"/>
</kw>
<status status="PASS" starttime="20220302 12:08:00.179" endtime="20220302 12:08:02.391"/>
</kw>
<status status="PASS" starttime="20220302 12:07:58.373" endtime="20220302 12:08:02.392"/>
</test>
<test id="s1-s2-s1-t3" name="Cenario: Campos Título e Duração devem ser obrigatórios">
<kw name="Set Variable" library="BuiltIn">
<var>@{expected_alerts}</var>
<arg>Informe o título do plano</arg>
<arg>Informe a duração do plano em meses</arg>
<doc>Returns the given values which can then be assigned to a variables.</doc>
<msg timestamp="20220302 12:08:02.405" level="INFO">@{expected_alerts} = [ Informe o título do plano | Informe a duração do plano em meses ]</msg>
<status status="PASS" starttime="20220302 12:08:02.405" endtime="20220302 12:08:02.405"/>
</kw>
<kw name="Create List" library="BuiltIn">
<var>@{got_alerts}</var>
<doc>Returns a list containing given items.</doc>
<msg timestamp="20220302 12:08:02.406" level="INFO">@{got_alerts} = [ ]</msg>
<status status="PASS" starttime="20220302 12:08:02.406" endtime="20220302 12:08:02.406"/>
</kw>
<kw name="Go To Plans" library="nav">
<kw name="Click" library="Browser">
<arg>css=a[href$="planos"]</arg>
<tag>PageContent</tag>
<tag>Setter</tag>
<doc>Simulates mouse click on the element found by ``selector``.</doc>
<status status="PASS" starttime="20220302 12:08:02.407" endtime="20220302 12:08:02.465"/>
</kw>
<kw name="Wait For Elements State" library="Browser">
<arg>h1 &gt;&gt; text=Gestão de Planos</arg>
<arg>visible</arg>
<arg>5</arg>
<tag>PageContent</tag>
<tag>Wait</tag>
<doc>Waits for the element found by ``selector`` to satisfy state option.</doc>
<msg timestamp="20220302 12:08:02.473" level="INFO">Waited for Element with selector h1 &gt;&gt; text=Gestão de Planos at state visible</msg>
<status status="PASS" starttime="20220302 12:08:02.466" endtime="20220302 12:08:02.474"/>
</kw>
<status status="PASS" starttime="20220302 12:08:02.406" endtime="20220302 12:08:02.474"/>
</kw>
<kw name="Go To Form Plans" library="plans">
<kw name="Set Strict Mode" library="Browser">
<arg>False</arg>
<tag>BrowserControl</tag>
<tag>Setter</tag>
<doc>Controls library strict mode.</doc>
<status status="PASS" starttime="20220302 12:08:02.475" endtime="20220302 12:08:02.475"/>
</kw>
<kw name="Click" library="Browser">
<arg>css=a[href$="planos/new"]</arg>
<tag>PageContent</tag>
<tag>Setter</tag>
<doc>Simulates mouse click on the element found by ``selector``.</doc>
<status status="PASS" starttime="20220302 12:08:02.475" endtime="20220302 12:08:02.543"/>
</kw>
<kw name="Wait For Elements State" library="Browser">
<arg>h1 &gt;&gt; text=Novo plano</arg>
<arg>visible</arg>
<arg>5</arg>
<tag>PageContent</tag>
<tag>Wait</tag>
<doc>Waits for the element found by ``selector`` to satisfy state option.</doc>
<msg timestamp="20220302 12:08:02.551" level="INFO">Waited for Element with selector h1 &gt;&gt; text=Novo plano at state visible</msg>
<status status="PASS" starttime="20220302 12:08:02.543" endtime="20220302 12:08:02.551"/>
</kw>
<status status="PASS" starttime="20220302 12:08:02.475" endtime="20220302 12:08:02.552"/>
</kw>
<kw name="Submit Form" library="nav">
<kw name="Click" library="Browser">
<arg>xpath=//button[contains(text(), "Salvar")]</arg>
<tag>PageContent</tag>
<tag>Setter</tag>
<doc>Simulates mouse click on the element found by ``selector``.</doc>
<status status="PASS" starttime="20220302 12:08:02.553" endtime="20220302 12:08:02.598"/>
</kw>
<status status="PASS" starttime="20220302 12:08:02.552" endtime="20220302 12:08:02.598"/>
</kw>
<for flavor="IN RANGE">
<var>${index}</var>
<value>1</value>
<value>3</value>
<iter>
<var name="${index}">1</var>
<kw name="Get Required Alerts" library="components">
<var>${span}</var>
<arg>${index}</arg>
<kw name="Get Text" library="Browser">
<var>${span}</var>
<arg>xpath=(//form//span)[${index}]</arg>
<tag>Assertion</tag>
<tag>Getter</tag>
<tag>PageContent</tag>
<doc>Returns text attribute of the element found by ``selector``.</doc>
<msg timestamp="20220302 12:08:02.615" level="INFO">${span} = Informe o título do plano</msg>
<status status="PASS" starttime="20220302 12:08:02.600" endtime="20220302 12:08:02.615"/>
</kw>
<msg timestamp="20220302 12:08:02.616" level="INFO">${span} = Informe o título do plano</msg>
<status status="PASS" starttime="20220302 12:08:02.600" endtime="20220302 12:08:02.616"/>
</kw>
<kw name="Append To List" library="Collections">
<arg>${got_alerts}</arg>
<arg>${span}</arg>
<doc>Adds ``values`` to the end of ``list``.</doc>
<status status="PASS" starttime="20220302 12:08:02.616" endtime="20220302 12:08:02.616"/>
</kw>
<status status="PASS" starttime="20220302 12:08:02.600" endtime="20220302 12:08:02.616"/>
</iter>
<iter>
<var name="${index}">2</var>
<kw name="Get Required Alerts" library="components">
<var>${span}</var>
<arg>${index}</arg>
<kw name="Get Text" library="Browser">
<var>${span}</var>
<arg>xpath=(//form//span)[${index}]</arg>
<tag>Assertion</tag>
<tag>Getter</tag>
<tag>PageContent</tag>
<doc>Returns text attribute of the element found by ``selector``.</doc>
<msg timestamp="20220302 12:08:02.647" level="INFO">${span} = Informe a duração do plano em meses</msg>
<status status="PASS" starttime="20220302 12:08:02.617" endtime="20220302 12:08:02.647"/>
</kw>
<msg timestamp="20220302 12:08:02.647" level="INFO">${span} = Informe a duração do plano em meses</msg>
<status status="PASS" starttime="20220302 12:08:02.617" endtime="20220302 12:08:02.647"/>
</kw>
<kw name="Append To List" library="Collections">
<arg>${got_alerts}</arg>
<arg>${span}</arg>
<doc>Adds ``values`` to the end of ``list``.</doc>
<status status="PASS" starttime="20220302 12:08:02.648" endtime="20220302 12:08:02.648"/>
</kw>
<status status="PASS" starttime="20220302 12:08:02.616" endtime="20220302 12:08:02.648"/>
</iter>
<status status="PASS" starttime="20220302 12:08:02.599" endtime="20220302 12:08:02.648"/>
</for>
<kw name="Log" library="BuiltIn">
<arg>${expected_alerts}</arg>
<doc>Logs the given message with the given level.</doc>
<msg timestamp="20220302 12:08:02.650" level="INFO">['Informe o título do plano', 'Informe a duração do plano em meses']</msg>
<status status="PASS" starttime="20220302 12:08:02.649" endtime="20220302 12:08:02.650"/>
</kw>
<kw name="Log" library="BuiltIn">
<arg>${got_alerts}</arg>
<doc>Logs the given message with the given level.</doc>
<msg timestamp="20220302 12:08:02.651" level="INFO">['Informe o título do plano', 'Informe a duração do plano em meses']</msg>
<status status="PASS" starttime="20220302 12:08:02.650" endtime="20220302 12:08:02.651"/>
</kw>
<kw name="Lists Should Be Equal" library="Collections">
<arg>${expected_alerts}</arg>
<arg>${got_alerts}</arg>
<doc>Fails if given lists are unequal.</doc>
<status status="PASS" starttime="20220302 12:08:02.651" endtime="20220302 12:08:02.652"/>
</kw>
<kw name="Take Screenshot" library="Browser" type="TEARDOWN">
<tag>PageContent</tag>
<doc>Takes a screenshot of the current window or element and saves it to disk.</doc>
<msg timestamp="20220302 12:08:02.848" level="INFO" html="true">&lt;/td&gt;&lt;/tr&gt;&lt;tr&gt;&lt;td colspan="3"&gt;&lt;a href="browser/screenshot/robotframework-browser-screenshot-10.png"&gt;&lt;img src="browser/screenshot/robotframework-browser-screenshot-10.png" width="800px"&gt;&lt;/a&gt;</msg>
<status status="PASS" starttime="20220302 12:08:02.652" endtime="20220302 12:08:02.848"/>
</kw>
<status status="PASS" starttime="20220302 12:08:02.397" endtime="20220302 12:08:02.849"/>
</test>
<test id="s1-s2-s1-t4" name="Cenario: Campo Preço do Plano deve ser obrigatório e maior do que zero">
<kw name="Create Dictionary" library="BuiltIn">
<var>&amp;{plan}</var>
<arg>title=Plano Ferro</arg>
<arg>duration=12</arg>
<arg>price=${EMPTY}</arg>
<arg>total=${EMPTY}</arg>
<doc>Creates and returns a dictionary based on the given ``items``.</doc>
<msg timestamp="20220302 12:08:02.862" level="INFO">&amp;{plan} = { title=Plano Ferro | duration=12 | price= | total= }</msg>
<status status="PASS" starttime="20220302 12:08:02.861" endtime="20220302 12:08:02.862"/>
</kw>
<kw name="Set Variable" library="BuiltIn">
<var>${expected_alert}</var>
<arg>O preço é obrigatório</arg>
<doc>Returns the given values which can then be assigned to a variables.</doc>
<msg timestamp="20220302 12:08:02.863" level="INFO">${expected_alert} = O preço é obrigatório</msg>
<status status="PASS" starttime="20220302 12:08:02.863" endtime="20220302 12:08:02.863"/>
</kw>
<kw name="Go To Plans" library="nav">
<kw name="Click" library="Browser">
<arg>css=a[href$="planos"]</arg>
<tag>PageContent</tag>
<tag>Setter</tag>
<doc>Simulates mouse click on the element found by ``selector``.</doc>
<status status="PASS" starttime="20220302 12:08:02.864" endtime="20220302 12:08:02.943"/>
</kw>
<kw name="Wait For Elements State" library="Browser">
<arg>h1 &gt;&gt; text=Gestão de Planos</arg>
<arg>visible</arg>
<arg>5</arg>
<tag>PageContent</tag>
<tag>Wait</tag>
<doc>Waits for the element found by ``selector`` to satisfy state option.</doc>
<msg timestamp="20220302 12:08:02.953" level="INFO">Waited for Element with selector h1 &gt;&gt; text=Gestão de Planos at state visible</msg>
<status status="PASS" starttime="20220302 12:08:02.943" endtime="20220302 12:08:02.953"/>
</kw>
<status status="PASS" starttime="20220302 12:08:02.863" endtime="20220302 12:08:02.953"/>
</kw>
<kw name="Go To Form Plans" library="plans">
<kw name="Set Strict Mode" library="Browser">
<arg>False</arg>
<tag>BrowserControl</tag>
<tag>Setter</tag>
<doc>Controls library strict mode.</doc>
<status status="PASS" starttime="20220302 12:08:02.954" endtime="20220302 12:08:02.954"/>
</kw>
<kw name="Click" library="Browser">
<arg>css=a[href$="planos/new"]</arg>
<tag>PageContent</tag>
<tag>Setter</tag>
<doc>Simulates mouse click on the element found by ``selector``.</doc>
<status status="PASS" starttime="20220302 12:08:02.955" endtime="20220302 12:08:03.008"/>
</kw>
<kw name="Wait For Elements State" library="Browser">
<arg>h1 &gt;&gt; text=Novo plano</arg>
<arg>visible</arg>
<arg>5</arg>
<tag>PageContent</tag>
<tag>Wait</tag>
<doc>Waits for the element found by ``selector`` to satisfy state option.</doc>
<msg timestamp="20220302 12:08:03.016" level="INFO">Waited for Element with selector h1 &gt;&gt; text=Novo plano at state visible</msg>
<status status="PASS" starttime="20220302 12:08:03.008" endtime="20220302 12:08:03.016"/>
</kw>
<status status="PASS" starttime="20220302 12:08:02.954" endtime="20220302 12:08:03.017"/>
</kw>
<kw name="New Plan" library="plans">
<arg>${plan}</arg>
<kw name="Fill Text" library="Browser">
<arg>${TITLE_FIELD}</arg>
<arg>${plan.title}</arg>
<tag>PageContent</tag>
<tag>Setter</tag>
<doc>Clears and fills the given ``txt`` into the text field found by ``selector``.</doc>
<msg timestamp="20220302 12:08:03.019" level="INFO">Fills the text 'Plano Ferro' in the given field.</msg>
<status status="PASS" starttime="20220302 12:08:03.018" endtime="20220302 12:08:03.040"/>
</kw>
<kw name="Fill Text" library="Browser">
<arg>${DURATION_FIELD}</arg>
<arg>${plan.duration}</arg>
<tag>PageContent</tag>
<tag>Setter</tag>
<doc>Clears and fills the given ``txt`` into the text field found by ``selector``.</doc>
<msg timestamp="20220302 12:08:03.042" level="INFO">Fills the text '12' in the given field.</msg>
<status status="PASS" starttime="20220302 12:08:03.041" endtime="20220302 12:08:03.060"/>
</kw>
<kw name="Fill Text" library="Browser">
<arg>${PRICE_FIELD}</arg>
<arg>${plan.price}</arg>
<tag>PageContent</tag>
<tag>Setter</tag>
<doc>Clears and fills the given ``txt`` into the text field found by ``selector``.</doc>
<msg timestamp="20220302 12:08:03.062" level="INFO">Fills the text '' in the given field.</msg>
<status status="PASS" starttime="20220302 12:08:03.061" endtime="20220302 12:08:03.088"/>
</kw>
<kw name="Submit Form" library="nav">
<kw name="Click" library="Browser">
<arg>xpath=//button[contains(text(), "Salvar")]</arg>
<tag>PageContent</tag>
<tag>Setter</tag>
<doc>Simulates mouse click on the element found by ``selector``.</doc>
<status status="PASS" starttime="20220302 12:08:03.088" endtime="20220302 12:08:03.130"/>
</kw>
<status status="PASS" starttime="20220302 12:08:03.088" endtime="20220302 12:08:03.130"/>
</kw>
<status status="PASS" starttime="20220302 12:08:03.017" endtime="20220302 12:08:03.130"/>
</kw>
<kw name="Get Text" library="Browser">
<var>${got_alert}</var>
<arg>xpath=//form//span</arg>
<tag>Assertion</tag>
<tag>Getter</tag>
<tag>PageContent</tag>
<doc>Returns text attribute of the element found by ``selector``.</doc>
<msg timestamp="20220302 12:08:03.145" level="INFO">${got_alert} = O preço é obrigatório</msg>
<status status="PASS" starttime="20220302 12:08:03.131" endtime="20220302 12:08:03.145"/>
</kw>
<kw name="Log" library="BuiltIn">
<arg>${expected_alert}</arg>
<doc>Logs the given message with the given level.</doc>
<msg timestamp="20220302 12:08:03.146" level="INFO">O preço é obrigatório</msg>
<status status="PASS" starttime="20220302 12:08:03.146" endtime="20220302 12:08:03.146"/>
</kw>
<kw name="Log" library="BuiltIn">
<arg>${got_alert}</arg>
<doc>Logs the given message with the given level.</doc>
<msg timestamp="20220302 12:08:03.147" level="INFO">O preço é obrigatório</msg>
<status status="PASS" starttime="20220302 12:08:03.146" endtime="20220302 12:08:03.147"/>
</kw>
<kw name="Should Be String" library="String">
<arg>${expected_alert}</arg>
<arg>${got_alert}</arg>
<doc>Fails if the given ``item`` is not a string.</doc>
<status status="PASS" starttime="20220302 12:08:03.147" endtime="20220302 12:08:03.147"/>
</kw>
<kw name="Thinking And Take Screenshot" library="base" type="TEARDOWN">
<arg>2</arg>
<kw name="Sleep" library="BuiltIn">
<arg>${timeout}</arg>
<doc>Pauses the test executed for the given time.</doc>
<msg timestamp="20220302 12:08:05.152" level="INFO">Slept 2 seconds</msg>
<status status="PASS" starttime="20220302 12:08:03.150" endtime="20220302 12:08:05.152"/>
</kw>
<kw name="Take Screenshot" library="Browser">
<tag>PageContent</tag>
<doc>Takes a screenshot of the current window or element and saves it to disk.</doc>
<msg timestamp="20220302 12:08:05.301" level="INFO" html="true">&lt;/td&gt;&lt;/tr&gt;&lt;tr&gt;&lt;td colspan="3"&gt;&lt;a href="browser/screenshot/robotframework-browser-screenshot-11.png"&gt;&lt;img src="browser/screenshot/robotframework-browser-screenshot-11.png" width="800px"&gt;&lt;/a&gt;</msg>
<status status="PASS" starttime="20220302 12:08:05.152" endtime="20220302 12:08:05.301"/>
</kw>
<status status="PASS" starttime="20220302 12:08:03.148" endtime="20220302 12:08:05.301"/>
</kw>
<status status="PASS" starttime="20220302 12:08:02.856" endtime="20220302 12:08:05.302"/>
</test>
<test id="s1-s2-s1-t5" name="Cenario: Validação do Campo numérico">
<kw name="Check Type Field On Plan Form">
<arg>${DURATION_FIELD}</arg>
<arg>number</arg>
<kw name="Go To Plans" library="nav">
<kw name="Click" library="Browser">
<arg>css=a[href$="planos"]</arg>
<tag>PageContent</tag>
<tag>Setter</tag>
<doc>Simulates mouse click on the element found by ``selector``.</doc>
<status status="PASS" starttime="20220302 12:08:05.313" endtime="20220302 12:08:05.359"/>
</kw>
<kw name="Wait For Elements State" library="Browser">
<arg>h1 &gt;&gt; text=Gestão de Planos</arg>
<arg>visible</arg>
<arg>5</arg>
<tag>PageContent</tag>
<tag>Wait</tag>
<doc>Waits for the element found by ``selector`` to satisfy state option.</doc>
<msg timestamp="20220302 12:08:05.368" level="INFO">Waited for Element with selector h1 &gt;&gt; text=Gestão de Planos at state visible</msg>
<status status="PASS" starttime="20220302 12:08:05.359" endtime="20220302 12:08:05.368"/>
</kw>
<status status="PASS" starttime="20220302 12:08:05.312" endtime="20220302 12:08:05.368"/>
</kw>
<kw name="Go To Form Plans" library="plans">
<kw name="Set Strict Mode" library="Browser">
<arg>False</arg>
<tag>BrowserControl</tag>
<tag>Setter</tag>
<doc>Controls library strict mode.</doc>
<status status="PASS" starttime="20220302 12:08:05.369" endtime="20220302 12:08:05.369"/>
</kw>
<kw name="Click" library="Browser">
<arg>css=a[href$="planos/new"]</arg>
<tag>PageContent</tag>
<tag>Setter</tag>
<doc>Simulates mouse click on the element found by ``selector``.</doc>
<status status="PASS" starttime="20220302 12:08:05.369" endtime="20220302 12:08:05.425"/>
</kw>
<kw name="Wait For Elements State" library="Browser">
<arg>h1 &gt;&gt; text=Novo plano</arg>
<arg>visible</arg>
<arg>5</arg>
<tag>PageContent</tag>
<tag>Wait</tag>
<doc>Waits for the element found by ``selector`` to satisfy state option.</doc>
<msg timestamp="20220302 12:08:05.433" level="INFO">Waited for Element with selector h1 &gt;&gt; text=Novo plano at state visible</msg>
<status status="PASS" starttime="20220302 12:08:05.425" endtime="20220302 12:08:05.433"/>
</kw>
<status status="PASS" starttime="20220302 12:08:05.368" endtime="20220302 12:08:05.434"/>
</kw>
<kw name="Field Should Be Type" library="components">
<arg>${element}</arg>
<arg>${type}</arg>
<kw name="Get Attribute" library="Browser">
<var>${attr}</var>
<arg>${elements}</arg>
<arg>type</arg>
<tag>Assertion</tag>
<tag>Getter</tag>
<tag>PageContent</tag>
<doc>Returns the HTML ``attribute`` of the element found by ``selector``.</doc>
<msg timestamp="20220302 12:08:05.450" level="INFO">${attr} = number</msg>
<status status="PASS" starttime="20220302 12:08:05.435" endtime="20220302 12:08:05.450"/>
</kw>
<kw name="Should Be Equal" library="BuiltIn">
<arg>${attr}</arg>
<arg>${type}</arg>
<doc>Fails if the given objects are unequal.</doc>
<status status="PASS" starttime="20220302 12:08:05.451" endtime="20220302 12:08:05.451"/>
</kw>
<status status="PASS" starttime="20220302 12:08:05.434" endtime="20220302 12:08:05.451"/>
</kw>
<status status="PASS" starttime="20220302 12:08:05.312" endtime="20220302 12:08:05.451"/>
</kw>
<kw name="Take Screenshot" library="Browser" type="TEARDOWN">
<tag>PageContent</tag>
<doc>Takes a screenshot of the current window or element and saves it to disk.</doc>
<msg timestamp="20220302 12:08:05.583" level="INFO" html="true">&lt;/td&gt;&lt;/tr&gt;&lt;tr&gt;&lt;td colspan="3"&gt;&lt;a href="browser/screenshot/robotframework-browser-screenshot-12.png"&gt;&lt;img src="browser/screenshot/robotframework-browser-screenshot-12.png" width="800px"&gt;&lt;/a&gt;</msg>
<status status="PASS" starttime="20220302 12:08:05.452" endtime="20220302 12:08:05.583"/>
</kw>
<status status="PASS" starttime="20220302 12:08:05.308" endtime="20220302 12:08:05.584"/>
</test>
<test id="s1-s2-s1-t6" name="Cenario: Validação do Campo Preço Mensal">
<kw name="Go To Plans" library="nav">
<kw name="Click" library="Browser">
<arg>css=a[href$="planos"]</arg>
<tag>PageContent</tag>
<tag>Setter</tag>
<doc>Simulates mouse click on the element found by ``selector``.</doc>
<status status="PASS" starttime="20220302 12:08:05.594" endtime="20220302 12:08:05.636"/>
</kw>
<kw name="Wait For Elements State" library="Browser">
<arg>h1 &gt;&gt; text=Gestão de Planos</arg>
<arg>visible</arg>
<arg>5</arg>
<tag>PageContent</tag>
<tag>Wait</tag>
<doc>Waits for the element found by ``selector`` to satisfy state option.</doc>
<msg timestamp="20220302 12:08:05.645" level="INFO">Waited for Element with selector h1 &gt;&gt; text=Gestão de Planos at state visible</msg>
<status status="PASS" starttime="20220302 12:08:05.637" endtime="20220302 12:08:05.646"/>
</kw>
<status status="PASS" starttime="20220302 12:08:05.593" endtime="20220302 12:08:05.646"/>
</kw>
<kw name="Go To Form Plans" library="plans">
<kw name="Set Strict Mode" library="Browser">
<arg>False</arg>
<tag>BrowserControl</tag>
<tag>Setter</tag>
<doc>Controls library strict mode.</doc>
<status status="PASS" starttime="20220302 12:08:05.647" endtime="20220302 12:08:05.647"/>
</kw>
<kw name="Click" library="Browser">
<arg>css=a[href$="planos/new"]</arg>
<tag>PageContent</tag>
<tag>Setter</tag>
<doc>Simulates mouse click on the element found by ``selector``.</doc>
<status status="PASS" starttime="20220302 12:08:05.647" endtime="20220302 12:08:05.707"/>
</kw>
<kw name="Wait For Elements State" library="Browser">
<arg>h1 &gt;&gt; text=Novo plano</arg>
<arg>visible</arg>
<arg>5</arg>
<tag>PageContent</tag>
<tag>Wait</tag>
<doc>Waits for the element found by ``selector`` to satisfy state option.</doc>
<msg timestamp="20220302 12:08:05.715" level="INFO">Waited for Element with selector h1 &gt;&gt; text=Novo plano at state visible</msg>
<status status="PASS" starttime="20220302 12:08:05.707" endtime="20220302 12:08:05.715"/>
</kw>
<status status="PASS" starttime="20220302 12:08:05.646" endtime="20220302 12:08:05.716"/>
</kw>
<kw name="Get Attribute" library="Browser">
<arg>${PRICE_FIELD}</arg>
<arg>value</arg>
<arg>==</arg>
<arg>0,00</arg>
<tag>Assertion</tag>
<tag>Getter</tag>
<tag>PageContent</tag>
<doc>Returns the HTML ``attribute`` of the element found by ``selector``.</doc>
<status status="PASS" starttime="20220302 12:08:05.716" endtime="20220302 12:08:05.735"/>
</kw>
<kw name="Take Screenshot" library="Browser" type="TEARDOWN">
<tag>PageContent</tag>
<doc>Takes a screenshot of the current window or element and saves it to disk.</doc>
<msg timestamp="20220302 12:08:05.866" level="INFO" html="true">&lt;/td&gt;&lt;/tr&gt;&lt;tr&gt;&lt;td colspan="3"&gt;&lt;a href="browser/screenshot/robotframework-browser-screenshot-13.png"&gt;&lt;img src="browser/screenshot/robotframework-browser-screenshot-13.png" width="800px"&gt;&lt;/a&gt;</msg>
<status status="PASS" starttime="20220302 12:08:05.736" endtime="20220302 12:08:05.867"/>
</kw>
<status status="PASS" starttime="20220302 12:08:05.589" endtime="20220302 12:08:05.867"/>
</test>
<test id="s1-s2-s1-t7" name="Cenario: Preço Mensal não pode ser superior a 99 milhões">
<kw name="Create Dictionary" library="BuiltIn">
<var>&amp;{plan}</var>
<arg>title=Plano Proibido</arg>
<arg>duration=12</arg>
<arg>price=100.000.000,00</arg>
<arg>total=${EMPTY}</arg>
<doc>Creates and returns a dictionary based on the given ``items``.</doc>
<msg timestamp="20220302 12:08:05.880" level="INFO">&amp;{plan} = { title=Plano Proibido | duration=12 | price=100.000.000,00 | total= }</msg>
<status status="PASS" starttime="20220302 12:08:05.879" endtime="20220302 12:08:05.880"/>
</kw>
<kw name="Remove Plan" library="DeloreanLibrary">
<arg>${plan.title}</arg>
<msg timestamp="20220302 12:08:05.881" level="INFO">delete from plans where title LIKE '%Plano Proibido%'</msg>
<status status="PASS" starttime="20220302 12:08:05.880" endtime="20220302 12:08:07.113"/>
</kw>
<kw name="Go To Plans" library="nav">
<kw name="Click" library="Browser">
<arg>css=a[href$="planos"]</arg>
<tag>PageContent</tag>
<tag>Setter</tag>
<doc>Simulates mouse click on the element found by ``selector``.</doc>
<status status="PASS" starttime="20220302 12:08:07.113" endtime="20220302 12:08:07.154"/>
</kw>
<kw name="Wait For Elements State" library="Browser">
<arg>h1 &gt;&gt; text=Gestão de Planos</arg>
<arg>visible</arg>
<arg>5</arg>
<tag>PageContent</tag>
<tag>Wait</tag>
<doc>Waits for the element found by ``selector`` to satisfy state option.</doc>
<msg timestamp="20220302 12:08:07.163" level="INFO">Waited for Element with selector h1 &gt;&gt; text=Gestão de Planos at state visible</msg>
<status status="PASS" starttime="20220302 12:08:07.155" endtime="20220302 12:08:07.163"/>
</kw>
<status status="PASS" starttime="20220302 12:08:07.113" endtime="20220302 12:08:07.164"/>
</kw>
<kw name="Go To Form Plans" library="plans">
<kw name="Set Strict Mode" library="Browser">
<arg>False</arg>
<tag>BrowserControl</tag>
<tag>Setter</tag>
<doc>Controls library strict mode.</doc>
<status status="PASS" starttime="20220302 12:08:07.165" endtime="20220302 12:08:07.165"/>
</kw>
<kw name="Click" library="Browser">
<arg>css=a[href$="planos/new"]</arg>
<tag>PageContent</tag>
<tag>Setter</tag>
<doc>Simulates mouse click on the element found by ``selector``.</doc>
<status status="PASS" starttime="20220302 12:08:07.165" endtime="20220302 12:08:07.226"/>
</kw>
<kw name="Wait For Elements State" library="Browser">
<arg>h1 &gt;&gt; text=Novo plano</arg>
<arg>visible</arg>
<arg>5</arg>
<tag>PageContent</tag>
<tag>Wait</tag>
<doc>Waits for the element found by ``selector`` to satisfy state option.</doc>
<msg timestamp="20220302 12:08:07.234" level="INFO">Waited for Element with selector h1 &gt;&gt; text=Novo plano at state visible</msg>
<status status="PASS" starttime="20220302 12:08:07.226" endtime="20220302 12:08:07.234"/>
</kw>
<status status="PASS" starttime="20220302 12:08:07.164" endtime="20220302 12:08:07.235"/>
</kw>
<kw name="New Plan" library="plans">
<arg>${plan}</arg>
<kw name="Fill Text" library="Browser">
<arg>${TITLE_FIELD}</arg>
<arg>${plan.title}</arg>
<tag>PageContent</tag>
<tag>Setter</tag>
<doc>Clears and fills the given ``txt`` into the text field found by ``selector``.</doc>
<msg timestamp="20220302 12:08:07.236" level="INFO">Fills the text 'Plano Proibido' in the given field.</msg>
<status status="PASS" starttime="20220302 12:08:07.235" endtime="20220302 12:08:07.259"/>
</kw>
<kw name="Fill Text" library="Browser">
<arg>${DURATION_FIELD}</arg>
<arg>${plan.duration}</arg>
<tag>PageContent</tag>
<tag>Setter</tag>
<doc>Clears and fills the given ``txt`` into the text field found by ``selector``.</doc>
<msg timestamp="20220302 12:08:07.260" level="INFO">Fills the text '12' in the given field.</msg>
<status status="PASS" starttime="20220302 12:08:07.260" endtime="20220302 12:08:07.279"/>
</kw>
<kw name="Fill Text" library="Browser">
<arg>${PRICE_FIELD}</arg>
<arg>${plan.price}</arg>
<tag>PageContent</tag>
<tag>Setter</tag>
<doc>Clears and fills the given ``txt`` into the text field found by ``selector``.</doc>
<msg timestamp="20220302 12:08:07.280" level="INFO">Fills the text '100.000.000,00' in the given field.</msg>
<status status="PASS" starttime="20220302 12:08:07.279" endtime="20220302 12:08:07.304"/>
</kw>
<kw name="Submit Form" library="nav">
<kw name="Click" library="Browser">
<arg>xpath=//button[contains(text(), "Salvar")]</arg>
<tag>PageContent</tag>
<tag>Setter</tag>
<doc>Simulates mouse click on the element found by ``selector``.</doc>
<status status="PASS" starttime="20220302 12:08:07.305" endtime="20220302 12:08:07.347"/>
</kw>
<status status="PASS" starttime="20220302 12:08:07.305" endtime="20220302 12:08:07.347"/>
</kw>
<status status="PASS" starttime="20220302 12:08:07.235" endtime="20220302 12:08:07.347"/>
</kw>
<kw name="Toaster Text Should Be" library="components">
<arg>Erro cadastrar aluno!</arg>
<kw name="Wait For Elements State" library="Browser">
<arg>css=.Toastify__toast-body &gt;&gt; text=${expect_text}</arg>
<arg>visible</arg>
<arg>5</arg>
<tag>PageContent</tag>
<tag>Wait</tag>
<doc>Waits for the element found by ``selector`` to satisfy state option.</doc>
<msg timestamp="20220302 12:08:07.820" level="INFO">Waited for Element with selector css=.Toastify__toast-body &gt;&gt; text=Erro cadastrar aluno! at state visible</msg>
<status status="PASS" starttime="20220302 12:08:07.349" endtime="20220302 12:08:07.821"/>
</kw>
<status status="PASS" starttime="20220302 12:08:07.348" endtime="20220302 12:08:07.821"/>
</kw>
<kw name="Thinking And Take Screenshot" library="base" type="TEARDOWN">
<arg>2</arg>
<kw name="Sleep" library="BuiltIn">
<arg>${timeout}</arg>
<doc>Pauses the test executed for the given time.</doc>
<msg timestamp="20220302 12:08:09.834" level="INFO">Slept 2 seconds</msg>
<status status="PASS" starttime="20220302 12:08:07.822" endtime="20220302 12:08:09.834"/>
</kw>
<kw name="Take Screenshot" library="Browser">
<tag>PageContent</tag>
<doc>Takes a screenshot of the current window or element and saves it to disk.</doc>
<msg timestamp="20220302 12:08:09.970" level="INFO" html="true">&lt;/td&gt;&lt;/tr&gt;&lt;tr&gt;&lt;td colspan="3"&gt;&lt;a href="browser/screenshot/robotframework-browser-screenshot-14.png"&gt;&lt;img src="browser/screenshot/robotframework-browser-screenshot-14.png" width="800px"&gt;&lt;/a&gt;</msg>
<status status="PASS" starttime="20220302 12:08:09.834" endtime="20220302 12:08:09.970"/>
</kw>
<status status="PASS" starttime="20220302 12:08:07.822" endtime="20220302 12:08:09.971"/>
</kw>
<status status="PASS" starttime="20220302 12:08:05.875" endtime="20220302 12:08:09.971"/>
</test>
<test id="s1-s2-s1-t8" name="Cenario: Limpeza dos Planos">
<kw name="Remove Plan" library="DeloreanLibrary">
<arg>Plano</arg>
<msg timestamp="20220302 12:08:09.982" level="INFO">delete from plans where title LIKE '%Plano%'</msg>
<status status="PASS" starttime="20220302 12:08:09.981" endtime="20220302 12:08:11.185"/>
</kw>
<kw name="Take Screenshot" library="Browser" type="TEARDOWN">
<tag>PageContent</tag>
<doc>Takes a screenshot of the current window or element and saves it to disk.</doc>
<msg timestamp="20220302 12:08:11.320" level="INFO" html="true">&lt;/td&gt;&lt;/tr&gt;&lt;tr&gt;&lt;td colspan="3"&gt;&lt;a href="browser/screenshot/robotframework-browser-screenshot-15.png"&gt;&lt;img src="browser/screenshot/robotframework-browser-screenshot-15.png" width="800px"&gt;&lt;/a&gt;</msg>
<status status="PASS" starttime="20220302 12:08:11.186" endtime="20220302 12:08:11.320"/>
</kw>
<tag>temp</tag>
<status status="PASS" starttime="20220302 12:08:09.978" endtime="20220302 12:08:11.321"/>
</test>
<doc>Cadastro de Planos</doc>
<status status="PASS" starttime="20220302 12:07:53.544" endtime="20220302 12:08:11.327"/>
</suite>
<suite id="s1-s2-s2" name="Remove" source="C:\RobotXpert\bodytest\tests\plans\remove.robot">
<kw name="Start Admin Session" library="base" type="SETUP">
<kw name="Start Browser Session" library="base">
<kw name="New Browser" library="Browser">
<arg>chromium</arg>
<arg>false</arg>
<tag>BrowserControl</tag>
<tag>Setter</tag>
<doc>Create a new playwright Browser with specified options.</doc>
<msg timestamp="20220302 12:08:11.414" level="INFO">{"browser": "chromium", "headless": false, "handleSIGINT": true, "handleSIGTERM": true, "handleSIGHUP": true, "timeout": 30000.0, "devtools": false, "slowMo": 0.0, "tracesDir": "C:\\RobotXpert\\bodytest\\logs\\browser\\traces\\2527e6fe-15eb-42f3-9386-a28e186fe658"}</msg>
<msg timestamp="20220302 12:08:12.493" level="INFO">Successfully created browser with options: {"browser":"chromium","headless":false,"handleSIGINT":true,"handleSIGTERM":true,"handleSIGHUP":true,"timeout":30000,"devtools":false,"slowMo":0,"tracesDir":"C:\\RobotXpert\\bodytest\\logs\\browser\\traces\\2527e6fe-15eb-42f3-9386-a28e186fe658"}</msg>
<status status="PASS" starttime="20220302 12:08:11.413" endtime="20220302 12:08:12.494"/>
</kw>
<kw name="New Page" library="Browser">
<arg>about:blank</arg>
<tag>BrowserControl</tag>
<tag>Setter</tag>
<doc>Open a new Page.</doc>
<msg timestamp="20220302 12:08:12.796" level="INFO">Successfully initialized new page object and opened url: about:blank</msg>
<msg timestamp="20220302 12:08:12.796" level="INFO">No context was open. New context was automatically opened when this page is created.</msg>
<status status="PASS" starttime="20220302 12:08:12.494" endtime="20220302 12:08:12.796"/>
</kw>
<status status="PASS" starttime="20220302 12:08:11.413" endtime="20220302 12:08:12.797"/>
</kw>
<kw name="Go To Login Page" library="auth">
<kw name="Go To" library="Browser">
<arg>https://bodytest-web-drakke.herokuapp.com</arg>
<tag>BrowserControl</tag>
<tag>Setter</tag>
<doc>Navigates to the given ``url``.</doc>
<msg timestamp="20220302 12:08:14.741" level="INFO">Successfully opened URL https://bodytest-web-drakke.herokuapp.com</msg>
<status status="PASS" starttime="20220302 12:08:12.797" endtime="20220302 12:08:14.741"/>
</kw>
<status status="PASS" starttime="20220302 12:08:12.797" endtime="20220302 12:08:14.741"/>
</kw>
<kw name="Login With" library="auth">
<arg>admin@bodytest.com</arg>
<arg>pwd123</arg>
<kw name="Fill Text" library="Browser">
<arg>css=input[name=email]</arg>
<arg>${email}</arg>
<tag>PageContent</tag>
<tag>Setter</tag>
<doc>Clears and fills the given ``txt`` into the text field found by ``selector``.</doc>
<msg timestamp="20220302 12:08:14.742" level="INFO">Fills the text 'admin@bodytest.com' in the given field.</msg>
<status status="PASS" starttime="20220302 12:08:14.742" endtime="20220302 12:08:14.781"/>
</kw>
<kw name="Fill Text" library="Browser">
<arg>css=input[placeholder*=senha]</arg>
<arg>${pass}</arg>
<tag>PageContent</tag>
<tag>Setter</tag>
<doc>Clears and fills the given ``txt`` into the text field found by ``selector``.</doc>
<msg timestamp="20220302 12:08:14.782" level="INFO">Fills the text 'pwd123' in the given field.</msg>
<status status="PASS" starttime="20220302 12:08:14.782" endtime="20220302 12:08:14.802"/>
</kw>
<kw name="Click" library="Browser">
<arg>text=Entrar</arg>
<tag>PageContent</tag>
<tag>Setter</tag>
<doc>Simulates mouse click on the element found by ``selector``.</doc>
<status status="PASS" starttime="20220302 12:08:14.802" endtime="20220302 12:08:14.862"/>
</kw>
<status status="PASS" starttime="20220302 12:08:14.742" endtime="20220302 12:08:14.862"/>
</kw>
<kw name="User Should Be Logged In" library="nav">
<arg>Administrador</arg>
<kw name="Get Text" library="Browser">
<arg>css=aside strong</arg>
<arg>should be</arg>
<arg>${user_name}</arg>
<tag>Assertion</tag>
<tag>Getter</tag>
<tag>PageContent</tag>
<doc>Returns text attribute of the element found by ``selector``.</doc>
<status status="PASS" starttime="20220302 12:08:14.863" endtime="20220302 12:08:15.662"/>
</kw>
<status status="PASS" starttime="20220302 12:08:14.863" endtime="20220302 12:08:15.662"/>
</kw>
<status status="PASS" starttime="20220302 12:08:11.412" endtime="20220302 12:08:15.663"/>
</kw>
<test id="s1-s2-s2-t1" name="Cenario: Remover plano cadastrado">
<kw name="Take Screenshot" library="Browser" type="SETUP">
<tag>PageContent</tag>
<doc>Takes a screenshot of the current window or element and saves it to disk.</doc>
<msg timestamp="20220302 12:08:15.798" level="INFO" html="true">&lt;/td&gt;&lt;/tr&gt;&lt;tr&gt;&lt;td colspan="3"&gt;&lt;a href="browser/screenshot/robotframework-browser-screenshot-16.png"&gt;&lt;img src="browser/screenshot/robotframework-browser-screenshot-16.png" width="800px"&gt;&lt;/a&gt;</msg>
<status status="PASS" starttime="20220302 12:08:15.668" endtime="20220302 12:08:15.798"/>
</kw>
<kw name="Create Dictionary" library="BuiltIn">
<var>&amp;{plan}</var>
<arg>title=Plano Bronze</arg>
<arg>duration=6</arg>
<arg>price=12.99</arg>
<arg>total=R$ 77,94</arg>
<doc>Creates and returns a dictionary based on the given ``items``.</doc>
<msg timestamp="20220302 12:08:15.799" level="INFO">&amp;{plan} = { title=Plano Bronze | duration=6 | price=12.99 | total=R$ 77,94 }</msg>
<status status="PASS" starttime="20220302 12:08:15.798" endtime="20220302 12:08:15.799"/>
</kw>
<kw name="Insert Plan" library="DeloreanLibrary">
<arg>${plan}</arg>
<msg timestamp="20220302 12:08:15.800" level="INFO">delete from plans where title LIKE '%Plano Bronze%'</msg>
<msg timestamp="20220302 12:08:17.017" level="INFO">insert into plans (title, duration, price, created_at, updated_at)values('Plano Bronze', 6, 12.99, now(), now());</msg>
<status status="PASS" starttime="20220302 12:08:15.800" endtime="20220302 12:08:18.228"/>
</kw>
<kw name="Go To Plans" library="nav">
<kw name="Click" library="Browser">
<arg>css=a[href$="planos"]</arg>
<tag>PageContent</tag>
<tag>Setter</tag>
<doc>Simulates mouse click on the element found by ``selector``.</doc>
<status status="PASS" starttime="20220302 12:08:18.229" endtime="20220302 12:08:18.292"/>
</kw>
<kw name="Wait For Elements State" library="Browser">
<arg>h1 &gt;&gt; text=Gestão de Planos</arg>
[...]
<doc>Waits for the element found by ``selector`` to satisfy state option.</doc>
<msg timestamp="20220302 12:09:50.051" level="INFO">Waited for Element with selector css=table tbody tr &gt;&gt; text=David Beckham at state visible</msg>
<status status="PASS" starttime="20220302 12:09:50.042" endtime="20220302 12:09:50.052"/>
</kw>
<status status="PASS" starttime="20220302 12:09:50.041" endtime="20220302 12:09:50.052"/>
</kw>
<status status="PASS" starttime="20220302 12:09:50.041" endtime="20220302 12:09:50.052"/>
</iter>
<status status="PASS" starttime="20220302 12:09:49.231" endtime="20220302 12:09:50.052"/>
</for>
<kw name="Total Items Should Be" library="components">
<arg>${total}</arg>
<kw name="Set Variable" library="BuiltIn">
<var>${element}</var>
<arg>css=#pagination .total</arg>
<doc>Returns the given values which can then be assigned to a variables.</doc>
<msg timestamp="20220302 12:09:50.054" level="INFO">${element} = css=#pagination .total</msg>
<status status="PASS" starttime="20220302 12:09:50.054" endtime="20220302 12:09:50.054"/>
</kw>
<kw name="Wait For Elements State" library="Browser">
<arg>${element}</arg>
<arg>visible</arg>
<arg>5</arg>
<tag>PageContent</tag>
<tag>Wait</tag>
<doc>Waits for the element found by ``selector`` to satisfy state option.</doc>
<msg timestamp="20220302 12:09:50.062" level="INFO">Waited for Element with selector css=#pagination .total at state visible</msg>
<status status="PASS" starttime="20220302 12:09:50.054" endtime="20220302 12:09:50.063"/>
</kw>
<kw name="Get Text" library="Browser">
<arg>${element}</arg>
<arg>==</arg>
<arg>Total: ${number}</arg>
<tag>Assertion</tag>
<tag>Getter</tag>
<tag>PageContent</tag>
<doc>Returns text attribute of the element found by ``selector``.</doc>
<status status="PASS" starttime="20220302 12:09:50.063" endtime="20220302 12:09:50.078"/>
</kw>
<status status="PASS" starttime="20220302 12:09:50.053" endtime="20220302 12:09:50.078"/>
</kw>
<kw name="Take Screenshot" library="Browser" type="TEARDOWN">
<tag>PageContent</tag>
<doc>Takes a screenshot of the current window or element and saves it to disk.</doc>
<msg timestamp="20220302 12:09:50.223" level="INFO" html="true">&lt;/td&gt;&lt;/tr&gt;&lt;tr&gt;&lt;td colspan="3"&gt;&lt;a href="browser/screenshot/robotframework-browser-screenshot-34.png"&gt;&lt;img src="browser/screenshot/robotframework-browser-screenshot-34.png" width="800px"&gt;&lt;/a&gt;</msg>
<status status="PASS" starttime="20220302 12:09:50.079" endtime="20220302 12:09:50.223"/>
</kw>
<tag>json</tag>
<status status="PASS" starttime="20220302 12:09:40.696" endtime="20220302 12:09:50.224"/>
</test>
<doc>Busca de alunos</doc>
<status status="PASS" starttime="20220302 12:09:29.255" endtime="20220302 12:09:50.230"/>
</suite>
<suite id="s1-s3-s4" name="Update" source="C:\RobotXpert\bodytest\tests\students\update.robot">
<kw name="Start Admin Session" library="base" type="SETUP">
<kw name="Start Browser Session" library="base">
<kw name="New Browser" library="Browser">
<arg>chromium</arg>
<arg>false</arg>
<tag>BrowserControl</tag>
<tag>Setter</tag>
<doc>Create a new playwright Browser with specified options.</doc>
<msg timestamp="20220302 12:09:50.326" level="INFO">{"browser": "chromium", "headless": false, "handleSIGINT": true, "handleSIGTERM": true, "handleSIGHUP": true, "timeout": 30000.0, "devtools": false, "slowMo": 0.0, "tracesDir": "C:\\RobotXpert\\bodytest\\logs\\browser\\traces\\0091f366-6323-4131-b1c3-e50b8e4c4d93"}</msg>
<msg timestamp="20220302 12:09:51.409" level="INFO">Successfully created browser with options: {"browser":"chromium","headless":false,"handleSIGINT":true,"handleSIGTERM":true,"handleSIGHUP":true,"timeout":30000,"devtools":false,"slowMo":0,"tracesDir":"C:\\RobotXpert\\bodytest\\logs\\browser\\traces\\0091f366-6323-4131-b1c3-e50b8e4c4d93"}</msg>
<status status="PASS" starttime="20220302 12:09:50.325" endtime="20220302 12:09:51.409"/>
</kw>
<kw name="New Page" library="Browser">
<arg>about:blank</arg>
<tag>BrowserControl</tag>
<tag>Setter</tag>
<doc>Open a new Page.</doc>
<msg timestamp="20220302 12:09:51.772" level="INFO">Successfully initialized new page object and opened url: about:blank</msg>
<msg timestamp="20220302 12:09:51.772" level="INFO">No context was open. New context was automatically opened when this page is created.</msg>
<status status="PASS" starttime="20220302 12:09:51.409" endtime="20220302 12:09:51.772"/>
</kw>
<status status="PASS" starttime="20220302 12:09:50.325" endtime="20220302 12:09:51.773"/>
</kw>
<kw name="Go To Login Page" library="auth">
<kw name="Go To" library="Browser">
<arg>https://bodytest-web-drakke.herokuapp.com</arg>
<tag>BrowserControl</tag>
<tag>Setter</tag>
<doc>Navigates to the given ``url``.</doc>
<msg timestamp="20220302 12:09:53.725" level="INFO">Successfully opened URL https://bodytest-web-drakke.herokuapp.com</msg>
<status status="PASS" starttime="20220302 12:09:51.773" endtime="20220302 12:09:53.725"/>
</kw>
<status status="PASS" starttime="20220302 12:09:51.773" endtime="20220302 12:09:53.726"/>
</kw>
<kw name="Login With" library="auth">
<arg>admin@bodytest.com</arg>
<arg>pwd123</arg>
<kw name="Fill Text" library="Browser">
<arg>css=input[name=email]</arg>
<arg>${email}</arg>
<tag>PageContent</tag>
<tag>Setter</tag>
<doc>Clears and fills the given ``txt`` into the text field found by ``selector``.</doc>
<msg timestamp="20220302 12:09:53.727" level="INFO">Fills the text 'admin@bodytest.com' in the given field.</msg>
<status status="PASS" starttime="20220302 12:09:53.726" endtime="20220302 12:09:53.766"/>
</kw>
<kw name="Fill Text" library="Browser">
<arg>css=input[placeholder*=senha]</arg>
<arg>${pass}</arg>
<tag>PageContent</tag>
<tag>Setter</tag>
<doc>Clears and fills the given ``txt`` into the text field found by ``selector``.</doc>
<msg timestamp="20220302 12:09:53.768" level="INFO">Fills the text 'pwd123' in the given field.</msg>
<status status="PASS" starttime="20220302 12:09:53.767" endtime="20220302 12:09:53.790"/>
</kw>
<kw name="Click" library="Browser">
<arg>text=Entrar</arg>
<tag>PageContent</tag>
<tag>Setter</tag>
<doc>Simulates mouse click on the element found by ``selector``.</doc>
<status status="PASS" starttime="20220302 12:09:53.790" endtime="20220302 12:09:53.847"/>
</kw>
<status status="PASS" starttime="20220302 12:09:53.726" endtime="20220302 12:09:53.848"/>
</kw>
<kw name="User Should Be Logged In" library="nav">
<arg>Administrador</arg>
<kw name="Get Text" library="Browser">
<arg>css=aside strong</arg>
<arg>should be</arg>
<arg>${user_name}</arg>
<tag>Assertion</tag>
<tag>Getter</tag>
<tag>PageContent</tag>
<doc>Returns text attribute of the element found by ``selector``.</doc>
<status status="PASS" starttime="20220302 12:09:53.848" endtime="20220302 12:09:54.656"/>
</kw>
<status status="PASS" starttime="20220302 12:09:53.848" endtime="20220302 12:09:54.657"/>
</kw>
<status status="PASS" starttime="20220302 12:09:50.324" endtime="20220302 12:09:54.657"/>
</kw>
<test id="s1-s3-s4-t1" name="Cenario: Atualizar um aluno já cadastrado">
<kw name="Get JSON" library="base">
<var>${fixture}</var>
<arg>students-update.json</arg>
<kw name="Get File" library="OperatingSystem">
<var>${file}</var>
<arg>${EXECDIR}/resources/fixtures/${file_name}</arg>
<doc>Returns the contents of a specified file.</doc>
<msg timestamp="20220302 12:09:54.662" level="INFO" html="true">Getting file '&lt;a href="file://C:\RobotXpert\bodytest\resources\fixtures\students-update.json"&gt;C:\RobotXpert\bodytest\resources\fixtures\students-update.json&lt;/a&gt;'.</msg>
<msg timestamp="20220302 12:09:54.662" level="INFO">${file} = {
    "before": {
        "name": "Kamala Khan",
        "email": "kamalakhan@gmail.com",
        "age": 15,
        "weight": 60,
        "feet_tall": 1.70
    },
    "after": {
        "name": "Ms M...</msg>
<status status="PASS" starttime="20220302 12:09:54.662" endtime="20220302 12:09:54.662"/>
</kw>
<kw name="Evaluate" library="BuiltIn">
<var>${json_object}</var>
<arg>json.loads($file)</arg>
<arg>json</arg>
<doc>Evaluates the given expression in Python and returns the result.</doc>
<msg timestamp="20220302 12:09:54.663" level="INFO">${json_object} = {'before': {'name': 'Kamala Khan', 'email': 'kamalakhan@gmail.com', 'age': 15, 'weight': 60, 'feet_tall': 1.7}, 'after': {'name': 'Ms Marvel', 'email': 'ms@marvel.com', 'age': 16, 'weight': 65, 'feet_...</msg>
<status status="PASS" starttime="20220302 12:09:54.663" endtime="20220302 12:09:54.663"/>
</kw>
<msg timestamp="20220302 12:09:54.664" level="INFO">${fixture} = {'before': {'name': 'Kamala Khan', 'email': 'kamalakhan@gmail.com', 'age': 15, 'weight': 60, 'feet_tall': 1.7}, 'after': {'name': 'Ms Marvel', 'email': 'ms@marvel.com', 'age': 16, 'weight': 65, 'feet_...</msg>
<status status="PASS" starttime="20220302 12:09:54.661" endtime="20220302 12:09:54.664"/>
</kw>
<kw name="Set Variable" library="BuiltIn">
<var>${kamalakhan}</var>
<arg>${fixture['before']}</arg>
<doc>Returns the given values which can then be assigned to a variables.</doc>
<msg timestamp="20220302 12:09:54.665" level="INFO">${kamalakhan} = {'name': 'Kamala Khan', 'email': 'kamalakhan@gmail.com', 'age': 15, 'weight': 60, 'feet_tall': 1.7}</msg>
<status status="PASS" starttime="20220302 12:09:54.664" endtime="20220302 12:09:54.665"/>
</kw>
<kw name="Set Variable" library="BuiltIn">
<var>${msmarvel}</var>
<arg>${fixture['after']}</arg>
<doc>Returns the given values which can then be assigned to a variables.</doc>
<msg timestamp="20220302 12:09:54.666" level="INFO">${msmarvel} = {'name': 'Ms Marvel', 'email': 'ms@marvel.com', 'age': 16, 'weight': 65, 'feet_tall': 1.72}</msg>
<status status="PASS" starttime="20220302 12:09:54.666" endtime="20220302 12:09:54.666"/>
</kw>
<kw name="Remove Student By Name" library="DeloreanLibrary">
<arg>${kamalakhan['name']}</arg>
<msg timestamp="20220302 12:09:54.668" level="INFO">delete from students where name LIKE '%Kamala Khan%'</msg>
<status status="PASS" starttime="20220302 12:09:54.667" endtime="20220302 12:09:55.892"/>
</kw>
<kw name="Remove Student By Name" library="DeloreanLibrary">
<arg>${msmarvel['name']}</arg>
<msg timestamp="20220302 12:09:55.894" level="INFO">delete from students where name LIKE '%Ms Marvel%'</msg>
<status status="PASS" starttime="20220302 12:09:55.893" endtime="20220302 12:09:57.128"/>
</kw>
<kw name="Insert Student" library="DeloreanLibrary">
<arg>${kamalakhan}</arg>
<msg timestamp="20220302 12:09:57.129" level="INFO">delete from students where email = 'kamalakhan@gmail.com'</msg>
<msg timestamp="20220302 12:09:58.338" level="INFO">insert into students (name, email, age, weight, feet_tall, created_at, updated_at)values('Kamala Khan','kamalakhan@gmail.com',15,60,1.7, now(), now());</msg>
<status status="PASS" starttime="20220302 12:09:57.128" endtime="20220302 12:09:59.542"/>
</kw>
<kw name="Go To Students" library="nav">
<kw name="Click" library="Browser">
<arg>css=a[href$="alunos"]</arg>
<tag>PageContent</tag>
<tag>Setter</tag>
<doc>Simulates mouse click on the element found by ``selector``.</doc>
<status status="PASS" starttime="20220302 12:09:59.543" endtime="20220302 12:09:59.612"/>
</kw>
<kw name="Wait For Elements State" library="Browser">
<arg>h1 &gt;&gt; text=Gestão de Alunos</arg>
<arg>visible</arg>
<arg>5</arg>
<tag>PageContent</tag>
<tag>Wait</tag>
<doc>Waits for the element found by ``selector`` to satisfy state option.</doc>
<msg timestamp="20220302 12:09:59.622" level="INFO">Waited for Element with selector h1 &gt;&gt; text=Gestão de Alunos at state visible</msg>
<status status="PASS" starttime="20220302 12:09:59.612" endtime="20220302 12:09:59.622"/>
</kw>
<status status="PASS" starttime="20220302 12:09:59.543" endtime="20220302 12:09:59.622"/>
</kw>
<kw name="Search Student By Name" library="students">
<arg>${kamalakhan['name']}</arg>
<kw name="Fill Text" library="Browser">
<arg>css=input[placeholder="Buscar aluno"]</arg>
<arg>${name}</arg>
<tag>PageContent</tag>
<tag>Setter</tag>
<doc>Clears and fills the given ``txt`` into the text field found by ``selector``.</doc>
<msg timestamp="20220302 12:09:59.624" level="INFO">Fills the text 'Kamala Khan' in the given field.</msg>
<status status="PASS" starttime="20220302 12:09:59.624" endtime="20220302 12:09:59.642"/>
</kw>
<status status="PASS" starttime="20220302 12:09:59.623" endtime="20220302 12:09:59.643"/>
</kw>
<kw name="Go To Student Update Form" library="students">
<arg>${kamalakhan['email']}</arg>
<kw name="Click" library="Browser">
<arg>xpath=//td[contains(text(), "${email}")]/..//a[@class="edit"]</arg>
<tag>PageContent</tag>
<tag>Setter</tag>
<doc>Simulates mouse click on the element found by ``selector``.</doc>
<status status="PASS" starttime="20220302 12:09:59.645" endtime="20220302 12:10:00.564"/>
</kw>
<kw name="Wait For Elements State" library="Browser">
<arg>css=h1 &gt;&gt; text=Edição de aluno</arg>
<arg>visible</arg>
<arg>5</arg>
<tag>PageContent</tag>
<tag>Wait</tag>
<doc>Waits for the element found by ``selector`` to satisfy state option.</doc>
<msg timestamp="20220302 12:10:00.573" level="INFO">Waited for Element with selector css=h1 &gt;&gt; text=Edição de aluno at state visible</msg>
<status status="PASS" starttime="20220302 12:10:00.564" endtime="20220302 12:10:00.573"/>
</kw>
<status status="PASS" starttime="20220302 12:09:59.643" endtime="20220302 12:10:00.574"/>
</kw>
<kw name="Update A Student" library="students">
<arg>${msmarvel}</arg>
<kw name="Fill Text" library="Browser">
<arg>${NAME_FIELD}</arg>
<arg>${student['name']}</arg>
<tag>PageContent</tag>
<tag>Setter</tag>
<doc>Clears and fills the given ``txt`` into the text field found by ``selector``.</doc>
<msg timestamp="20220302 12:10:00.576" level="INFO">Fills the text 'Ms Marvel' in the given field.</msg>
<status status="PASS" starttime="20220302 12:10:00.575" endtime="20220302 12:10:00.598"/>
</kw>
<kw name="Fill Text" library="Browser">
<arg>${EMAIL_FIELD}</arg>
<arg>${student['email']}</arg>
<tag>PageContent</tag>
<tag>Setter</tag>
<doc>Clears and fills the given ``txt`` into the text field found by ``selector``.</doc>
<msg timestamp="20220302 12:10:00.599" level="INFO">Fills the text 'ms@marvel.com' in the given field.</msg>
<status status="PASS" starttime="20220302 12:10:00.598" endtime="20220302 12:10:00.616"/>
</kw>
<kw name="Fill Text" library="Browser">
<arg>${AGE_FIELD}</arg>
<arg>${student['age']}</arg>
<tag>PageContent</tag>
<tag>Setter</tag>
<doc>Clears and fills the given ``txt`` into the text field found by ``selector``.</doc>
<msg timestamp="20220302 12:10:00.618" level="INFO">Fills the text '16' in the given field.</msg>
<status status="PASS" starttime="20220302 12:10:00.617" endtime="20220302 12:10:00.641"/>
</kw>
<kw name="Fill Text" library="Browser">
<arg>${WEIGHT_FIELD}</arg>
<arg>${student['weight']}</arg>
<tag>PageContent</tag>
<tag>Setter</tag>
<doc>Clears and fills the given ``txt`` into the text field found by ``selector``.</doc>
<msg timestamp="20220302 12:10:00.642" level="INFO">Fills the text '65' in the given field.</msg>
<status status="PASS" starttime="20220302 12:10:00.641" endtime="20220302 12:10:00.661"/>
</kw>
<kw name="Fill Text" library="Browser">
<arg>${FEET_TALL_FIELD}</arg>
<arg>${student['feet_tall']}</arg>
<tag>PageContent</tag>
<tag>Setter</tag>
<doc>Clears and fills the given ``txt`` into the text field found by ``selector``.</doc>
<msg timestamp="20220302 12:10:00.663" level="INFO">Fills the text '1.72' in the given field.</msg>
<status status="PASS" starttime="20220302 12:10:00.662" endtime="20220302 12:10:00.681"/>
</kw>
<kw name="Submit Form" library="nav">
<kw name="Click" library="Browser">
<arg>xpath=//button[contains(text(), "Salvar")]</arg>
<tag>PageContent</tag>
<tag>Setter</tag>
<doc>Simulates mouse click on the element found by ``selector``.</doc>
<status status="PASS" starttime="20220302 12:10:00.681" endtime="20220302 12:10:00.795"/>
</kw>
<status status="PASS" starttime="20220302 12:10:00.681" endtime="20220302 12:10:00.796"/>
</kw>
<status status="PASS" starttime="20220302 12:10:00.574" endtime="20220302 12:10:00.796"/>
</kw>
<kw name="Toaster Text Should Be" library="components">
<arg>Aluno atualizado com sucesso.</arg>
<kw name="Wait For Elements State" library="Browser">
<arg>css=.Toastify__toast-body &gt;&gt; text=${expect_text}</arg>
<arg>visible</arg>
<arg>5</arg>
<tag>PageContent</tag>
<tag>Wait</tag>
<doc>Waits for the element found by ``selector`` to satisfy state option.</doc>
<msg timestamp="20220302 12:10:01.430" level="INFO">Waited for Element with selector css=.Toastify__toast-body &gt;&gt; text=Aluno atualizado com sucesso. at state visible</msg>
<status status="PASS" starttime="20220302 12:10:00.797" endtime="20220302 12:10:01.430"/>
</kw>
<status status="PASS" starttime="20220302 12:10:00.796" endtime="20220302 12:10:01.430"/>
</kw>
<kw name="Thinking And Take Screenshot" library="base" type="TEARDOWN">
<arg>2</arg>
<kw name="Sleep" library="BuiltIn">
<arg>${timeout}</arg>
<doc>Pauses the test executed for the given time.</doc>
<msg timestamp="20220302 12:10:03.437" level="INFO">Slept 2 seconds</msg>
<status status="PASS" starttime="20220302 12:10:01.432" endtime="20220302 12:10:03.437"/>
</kw>
<kw name="Take Screenshot" library="Browser">
<tag>PageContent</tag>
<doc>Takes a screenshot of the current window or element and saves it to disk.</doc>
<msg timestamp="20220302 12:10:03.679" level="INFO" html="true">&lt;/td&gt;&lt;/tr&gt;&lt;tr&gt;&lt;td colspan="3"&gt;&lt;a href="browser/screenshot/robotframework-browser-screenshot-35.png"&gt;&lt;img src="browser/screenshot/robotframework-browser-screenshot-35.png" width="800px"&gt;&lt;/a&gt;</msg>
<status status="PASS" starttime="20220302 12:10:03.437" endtime="20220302 12:10:03.679"/>
</kw>
<status status="PASS" starttime="20220302 12:10:01.431" endtime="20220302 12:10:03.679"/>
</kw>
<status status="PASS" starttime="20220302 12:09:54.657" endtime="20220302 12:10:03.680"/>
</test>
<doc>Atualização de alunos</doc>
<status status="PASS" starttime="20220302 12:09:50.309" endtime="20220302 12:10:03.688"/>
</suite>
<status status="PASS" starttime="20220302 12:08:58.414" endtime="20220302 12:10:03.762"/>
</suite>
<status status="PASS" starttime="20220302 12:07:34.177" endtime="20220302 12:10:03.768"/>
</suite>
<statistics>
<total>
<stat pass="33" fail="0" skip="0">All Tests</stat>
</total>
<tag>
<stat pass="1" fail="0" skip="0">json</stat>
<stat pass="3" fail="0" skip="0">temp</stat>
</tag>
<suite>
<stat pass="33" fail="0" skip="0" id="s1" name="Tests">Tests</stat>
<stat pass="7" fail="0" skip="0" id="s1-s1" name="Login">Tests.Login</stat>
<stat pass="7" fail="0" skip="0" id="s1-s1-s1" name="Login">Tests.Login.Login</stat>
<stat pass="14" fail="0" skip="0" id="s1-s2" name="Plans">Tests.Plans</stat>
<stat pass="8" fail="0" skip="0" id="s1-s2-s1" name="Create">Tests.Plans.Create</stat>
<stat pass="2" fail="0" skip="0" id="s1-s2-s2" name="Remove">Tests.Plans.Remove</stat>
<stat pass="3" fail="0" skip="0" id="s1-s2-s3" name="Search">Tests.Plans.Search</stat>
<stat pass="1" fail="0" skip="0" id="s1-s2-s4" name="Update">Tests.Plans.Update</stat>
<stat pass="12" fail="0" skip="0" id="s1-s3" name="Students">Tests.Students</stat>
<stat pass="6" fail="0" skip="0" id="s1-s3-s1" name="Create">Tests.Students.Create</stat>
<stat pass="2" fail="0" skip="0" id="s1-s3-s2" name="Remove">Tests.Students.Remove</stat>
<stat pass="3" fail="0" skip="0" id="s1-s3-s3" name="Search">Tests.Students.Search</stat>
<stat pass="1" fail="0" skip="0" id="s1-s3-s4" name="Update">Tests.Students.Update</stat>
</suite>
</statistics>
<errors>
</errors>
</robot>
